This is pdfTeX, Version 3.141592653-2.6-1.40.24 (TeX Live 2022/Built by MSYS2 project) (preloaded format=pdflatex 2022.7.20)  22 DEC 2022 10:11
entering extended mode
 \write18 enabled.
 %&-line parsing enabled.
**Cours_3.tex
(./Cours_3.tex
LaTeX2e <2021-11-15> patch level 1
L3 programming layer <2022-04-29>
(c:/msys64/mingw64/share/texmf-dist/tex/latex/beamer/beamer.cls
Document Class: beamer 2022/02/08 v3.66 A class for typesetting presentations
(c:/msys64/mingw64/share/texmf-dist/tex/latex/beamer/beamerbasemodes.sty
(c:/msys64/mingw64/share/texmf-dist/tex/latex/etoolbox/etoolbox.sty
Package: etoolbox 2020/10/05 v2.5k e-TeX tools for LaTeX (JAW)
\etb@tempcnta=\count185
)
\beamer@tempbox=\box50
\beamer@tempcount=\count186
\c@beamerpauses=\count187

(c:/msys64/mingw64/share/texmf-dist/tex/latex/beamer/beamerbasedecode.sty
\beamer@slideinframe=\count188
\beamer@minimum=\count189
\beamer@decode@box=\box51
)
\beamer@commentbox=\box52
\beamer@modecount=\count190
)
(c:/msys64/mingw64/share/texmf-dist/tex/generic/iftex/iftex.sty
Package: iftex 2022/02/03 v1.0f TeX engine tests
)
\headdp=\dimen138
\footheight=\dimen139
\sidebarheight=\dimen140
\beamer@tempdim=\dimen141
\beamer@finalheight=\dimen142
\beamer@animht=\dimen143
\beamer@animdp=\dimen144
\beamer@animwd=\dimen145
\beamer@leftmargin=\dimen146
\beamer@rightmargin=\dimen147
\beamer@leftsidebar=\dimen148
\beamer@rightsidebar=\dimen149
\beamer@boxsize=\dimen150
\beamer@vboxoffset=\dimen151
\beamer@descdefault=\dimen152
\beamer@descriptionwidth=\dimen153
\beamer@lastskip=\skip47
\beamer@areabox=\box53
\beamer@animcurrent=\box54
\beamer@animshowbox=\box55
\beamer@sectionbox=\box56
\beamer@logobox=\box57
\beamer@linebox=\box58
\beamer@sectioncount=\count191
\beamer@subsubsectionmax=\count192
\beamer@subsectionmax=\count193
\beamer@sectionmax=\count194
\beamer@totalheads=\count195
\beamer@headcounter=\count196
\beamer@partstartpage=\count197
\beamer@sectionstartpage=\count198
\beamer@subsectionstartpage=\count199
\beamer@animationtempa=\count266
\beamer@animationtempb=\count267
\beamer@xpos=\count268
\beamer@ypos=\count269
\beamer@ypos@offset=\count270
\beamer@showpartnumber=\count271
\beamer@currentsubsection=\count272
\beamer@coveringdepth=\count273
\beamer@sectionadjust=\count274
\beamer@toclastsection=\count275
\beamer@tocsectionnumber=\count276

(c:/msys64/mingw64/share/texmf-dist/tex/latex/beamer/beamerbaseoptions.sty
(c:/msys64/mingw64/share/texmf-dist/tex/latex/graphics/keyval.sty
Package: keyval 2014/10/28 v1.15 key=value parser (DPC)
\KV@toks@=\toks16
))
\beamer@paperwidth=\skip48
\beamer@paperheight=\skip49

(c:/msys64/mingw64/share/texmf-dist/tex/latex/geometry/geometry.sty
Package: geometry 2020/01/02 v5.9 Page Geometry

(c:/msys64/mingw64/share/texmf-dist/tex/generic/iftex/ifvtex.sty
Package: ifvtex 2019/10/25 v1.7 ifvtex legacy package. Use iftex instead.
)
\Gm@cnth=\count277
\Gm@cntv=\count278
\c@Gm@tempcnt=\count279
\Gm@bindingoffset=\dimen154
\Gm@wd@mp=\dimen155
\Gm@odd@mp=\dimen156
\Gm@even@mp=\dimen157
\Gm@layoutwidth=\dimen158
\Gm@layoutheight=\dimen159
\Gm@layouthoffset=\dimen160
\Gm@layoutvoffset=\dimen161
\Gm@dimlist=\toks17
)
(c:/msys64/mingw64/share/texmf-dist/tex/latex/pgf/math/pgfmath.sty
(c:/msys64/mingw64/share/texmf-dist/tex/latex/pgf/utilities/pgfrcs.sty
(c:/msys64/mingw64/share/texmf-dist/tex/generic/pgf/utilities/pgfutil-common.te
x
\pgfutil@everybye=\toks18
\pgfutil@tempdima=\dimen162
\pgfutil@tempdimb=\dimen163

(c:/msys64/mingw64/share/texmf-dist/tex/generic/pgf/utilities/pgfutil-common-li
sts.tex))
(c:/msys64/mingw64/share/texmf-dist/tex/generic/pgf/utilities/pgfutil-latex.def
\pgfutil@abb=\box59
) (c:/msys64/mingw64/share/texmf-dist/tex/generic/pgf/utilities/pgfrcs.code.tex
(c:/msys64/mingw64/share/texmf-dist/tex/generic/pgf/pgf.revision.tex)
Package: pgfrcs 2021/05/15 v3.1.9a (3.1.9a)
))
(c:/msys64/mingw64/share/texmf-dist/tex/latex/pgf/utilities/pgfkeys.sty
(c:/msys64/mingw64/share/texmf-dist/tex/generic/pgf/utilities/pgfkeys.code.tex
\pgfkeys@pathtoks=\toks19
\pgfkeys@temptoks=\toks20

(c:/msys64/mingw64/share/texmf-dist/tex/generic/pgf/utilities/pgfkeysfiltered.c
ode.tex
\pgfkeys@tmptoks=\toks21
)))
(c:/msys64/mingw64/share/texmf-dist/tex/generic/pgf/math/pgfmath.code.tex
(c:/msys64/mingw64/share/texmf-dist/tex/generic/pgf/math/pgfmathcalc.code.tex
(c:/msys64/mingw64/share/texmf-dist/tex/generic/pgf/math/pgfmathutil.code.tex
\pgf@x=\dimen164
\pgf@xa=\dimen165
\pgf@xb=\dimen166
\pgf@xc=\dimen167
\pgf@y=\dimen168
\pgf@ya=\dimen169
\pgf@yb=\dimen170
\pgf@yc=\dimen171
\c@pgf@counta=\count280
\c@pgf@countb=\count281
\c@pgf@countc=\count282
\c@pgf@countd=\count283
)
(c:/msys64/mingw64/share/texmf-dist/tex/generic/pgf/math/pgfmathparser.code.tex
\pgfmath@dimen=\dimen172
\pgfmath@count=\count284
\pgfmath@box=\box60
\pgfmath@toks=\toks22
\pgfmath@stack@operand=\toks23
\pgfmath@stack@operation=\toks24
)
(c:/msys64/mingw64/share/texmf-dist/tex/generic/pgf/math/pgfmathfunctions.code.
tex
(c:/msys64/mingw64/share/texmf-dist/tex/generic/pgf/math/pgfmathfunctions.basic
.code.tex)
(c:/msys64/mingw64/share/texmf-dist/tex/generic/pgf/math/pgfmathfunctions.trigo
nometric.code.tex)
(c:/msys64/mingw64/share/texmf-dist/tex/generic/pgf/math/pgfmathfunctions.rando
m.code.tex)
(c:/msys64/mingw64/share/texmf-dist/tex/generic/pgf/math/pgfmathfunctions.compa
rison.code.tex)
(c:/msys64/mingw64/share/texmf-dist/tex/generic/pgf/math/pgfmathfunctions.base.
code.tex)
(c:/msys64/mingw64/share/texmf-dist/tex/generic/pgf/math/pgfmathfunctions.round
.code.tex)
(c:/msys64/mingw64/share/texmf-dist/tex/generic/pgf/math/pgfmathfunctions.misc.
code.tex)
(c:/msys64/mingw64/share/texmf-dist/tex/generic/pgf/math/pgfmathfunctions.integ
erarithmetics.code.tex)))
(c:/msys64/mingw64/share/texmf-dist/tex/generic/pgf/math/pgfmathfloat.code.tex
\c@pgfmathroundto@lastzeros=\count285
))) (c:/msys64/mingw64/share/texmf-dist/tex/latex/base/size10.clo
File: size10.clo 2021/10/04 v1.4n Standard LaTeX file (size option)
)
(c:/msys64/mingw64/share/texmf-dist/tex/latex/pgf/basiclayer/pgfcore.sty
(c:/msys64/mingw64/share/texmf-dist/tex/latex/graphics/graphicx.sty
Package: graphicx 2021/09/16 v1.2d Enhanced LaTeX Graphics (DPC,SPQR)

(c:/msys64/mingw64/share/texmf-dist/tex/latex/graphics/graphics.sty
Package: graphics 2021/03/04 v1.4d Standard LaTeX Graphics (DPC,SPQR)

(c:/msys64/mingw64/share/texmf-dist/tex/latex/graphics/trig.sty
Package: trig 2021/08/11 v1.11 sin cos tan (DPC)
)
(c:/msys64/mingw64/share/texmf-dist/tex/latex/graphics-cfg/graphics.cfg
File: graphics.cfg 2016/06/04 v1.11 sample graphics configuration
)
Package graphics Info: Driver file: pdftex.def on input line 107.

(c:/msys64/mingw64/share/texmf-dist/tex/latex/graphics-def/pdftex.def
File: pdftex.def 2020/10/05 v1.2a Graphics/color driver for pdftex
))
\Gin@req@height=\dimen173
\Gin@req@width=\dimen174
)
(c:/msys64/mingw64/share/texmf-dist/tex/latex/pgf/systemlayer/pgfsys.sty
(c:/msys64/mingw64/share/texmf-dist/tex/generic/pgf/systemlayer/pgfsys.code.tex
Package: pgfsys 2021/05/15 v3.1.9a (3.1.9a)
(c:/msys64/mingw64/share/texmf-dist/tex/generic/pgf/utilities/pgfkeys.code.tex)
\pgf@x=\dimen175
\pgf@y=\dimen176
\pgf@xa=\dimen177
\pgf@ya=\dimen178
\pgf@xb=\dimen179
\pgf@yb=\dimen180
\pgf@xc=\dimen181
\pgf@yc=\dimen182
\pgf@xd=\dimen183
\pgf@yd=\dimen184
\w@pgf@writea=\write3
\r@pgf@reada=\read2
\c@pgf@counta=\count286
\c@pgf@countb=\count287
\c@pgf@countc=\count288
\c@pgf@countd=\count289
\t@pgf@toka=\toks25
\t@pgf@tokb=\toks26
\t@pgf@tokc=\toks27
\pgf@sys@id@count=\count290
(c:/msys64/mingw64/share/texmf-dist/tex/generic/pgf/systemlayer/pgf.cfg
File: pgf.cfg 2021/05/15 v3.1.9a (3.1.9a)
)
Driver file for pgf: pgfsys-pdftex.def

(c:/msys64/mingw64/share/texmf-dist/tex/generic/pgf/systemlayer/pgfsys-pdftex.d
ef
File: pgfsys-pdftex.def 2021/05/15 v3.1.9a (3.1.9a)

(c:/msys64/mingw64/share/texmf-dist/tex/generic/pgf/systemlayer/pgfsys-common-p
df.def
File: pgfsys-common-pdf.def 2021/05/15 v3.1.9a (3.1.9a)
)))
(c:/msys64/mingw64/share/texmf-dist/tex/generic/pgf/systemlayer/pgfsyssoftpath.
code.tex
File: pgfsyssoftpath.code.tex 2021/05/15 v3.1.9a (3.1.9a)
\pgfsyssoftpath@smallbuffer@items=\count291
\pgfsyssoftpath@bigbuffer@items=\count292
)
(c:/msys64/mingw64/share/texmf-dist/tex/generic/pgf/systemlayer/pgfsysprotocol.
code.tex
File: pgfsysprotocol.code.tex 2021/05/15 v3.1.9a (3.1.9a)
)) (c:/msys64/mingw64/share/texmf-dist/tex/latex/xcolor/xcolor.sty
Package: xcolor 2021/10/31 v2.13 LaTeX color extensions (UK)

(c:/msys64/mingw64/share/texmf-dist/tex/latex/graphics-cfg/color.cfg
File: color.cfg 2016/01/02 v1.6 sample color configuration
)
Package xcolor Info: Driver file: pdftex.def on input line 227.
Package xcolor Info: Model `cmy' substituted by `cmy0' on input line 1352.
Package xcolor Info: Model `hsb' substituted by `rgb' on input line 1356.
Package xcolor Info: Model `RGB' extended on input line 1368.
Package xcolor Info: Model `HTML' substituted by `rgb' on input line 1370.
Package xcolor Info: Model `Hsb' substituted by `hsb' on input line 1371.
Package xcolor Info: Model `tHsb' substituted by `hsb' on input line 1372.
Package xcolor Info: Model `HSB' substituted by `hsb' on input line 1373.
Package xcolor Info: Model `Gray' substituted by `gray' on input line 1374.
Package xcolor Info: Model `wave' substituted by `hsb' on input line 1375.
)
(c:/msys64/mingw64/share/texmf-dist/tex/generic/pgf/basiclayer/pgfcore.code.tex
Package: pgfcore 2021/05/15 v3.1.9a (3.1.9a)
(c:/msys64/mingw64/share/texmf-dist/tex/generic/pgf/math/pgfmath.code.tex)
(c:/msys64/mingw64/share/texmf-dist/tex/generic/pgf/math/pgfint.code.tex)
(c:/msys64/mingw64/share/texmf-dist/tex/generic/pgf/basiclayer/pgfcorepoints.co
de.tex
File: pgfcorepoints.code.tex 2021/05/15 v3.1.9a (3.1.9a)
\pgf@picminx=\dimen185
\pgf@picmaxx=\dimen186
\pgf@picminy=\dimen187
\pgf@picmaxy=\dimen188
\pgf@pathminx=\dimen189
\pgf@pathmaxx=\dimen190
\pgf@pathminy=\dimen191
\pgf@pathmaxy=\dimen192
\pgf@xx=\dimen193
\pgf@xy=\dimen194
\pgf@yx=\dimen195
\pgf@yy=\dimen196
\pgf@zx=\dimen197
\pgf@zy=\dimen198
)
(c:/msys64/mingw64/share/texmf-dist/tex/generic/pgf/basiclayer/pgfcorepathconst
ruct.code.tex
File: pgfcorepathconstruct.code.tex 2021/05/15 v3.1.9a (3.1.9a)
\pgf@path@lastx=\dimen199
\pgf@path@lasty=\dimen256
)
(c:/msys64/mingw64/share/texmf-dist/tex/generic/pgf/basiclayer/pgfcorepathusage
.code.tex
File: pgfcorepathusage.code.tex 2021/05/15 v3.1.9a (3.1.9a)
\pgf@shorten@end@additional=\dimen257
\pgf@shorten@start@additional=\dimen258
)
(c:/msys64/mingw64/share/texmf-dist/tex/generic/pgf/basiclayer/pgfcorescopes.co
de.tex
File: pgfcorescopes.code.tex 2021/05/15 v3.1.9a (3.1.9a)
\pgfpic=\box61
\pgf@hbox=\box62
\pgf@layerbox@main=\box63
\pgf@picture@serial@count=\count293
)
(c:/msys64/mingw64/share/texmf-dist/tex/generic/pgf/basiclayer/pgfcoregraphicst
ate.code.tex
File: pgfcoregraphicstate.code.tex 2021/05/15 v3.1.9a (3.1.9a)
\pgflinewidth=\dimen259
)
(c:/msys64/mingw64/share/texmf-dist/tex/generic/pgf/basiclayer/pgfcoretransform
ations.code.tex
File: pgfcoretransformations.code.tex 2021/05/15 v3.1.9a (3.1.9a)
\pgf@pt@x=\dimen260
\pgf@pt@y=\dimen261
\pgf@pt@temp=\dimen262
)
(c:/msys64/mingw64/share/texmf-dist/tex/generic/pgf/basiclayer/pgfcorequick.cod
e.tex
File: pgfcorequick.code.tex 2021/05/15 v3.1.9a (3.1.9a)
)
(c:/msys64/mingw64/share/texmf-dist/tex/generic/pgf/basiclayer/pgfcoreobjects.c
ode.tex
File: pgfcoreobjects.code.tex 2021/05/15 v3.1.9a (3.1.9a)
)
(c:/msys64/mingw64/share/texmf-dist/tex/generic/pgf/basiclayer/pgfcorepathproce
ssing.code.tex
File: pgfcorepathprocessing.code.tex 2021/05/15 v3.1.9a (3.1.9a)
)
(c:/msys64/mingw64/share/texmf-dist/tex/generic/pgf/basiclayer/pgfcorearrows.co
de.tex
File: pgfcorearrows.code.tex 2021/05/15 v3.1.9a (3.1.9a)
\pgfarrowsep=\dimen263
)
(c:/msys64/mingw64/share/texmf-dist/tex/generic/pgf/basiclayer/pgfcoreshade.cod
e.tex
File: pgfcoreshade.code.tex 2021/05/15 v3.1.9a (3.1.9a)
\pgf@max=\dimen264
\pgf@sys@shading@range@num=\count294
\pgf@shadingcount=\count295
)
(c:/msys64/mingw64/share/texmf-dist/tex/generic/pgf/basiclayer/pgfcoreimage.cod
e.tex
File: pgfcoreimage.code.tex 2021/05/15 v3.1.9a (3.1.9a)

(c:/msys64/mingw64/share/texmf-dist/tex/generic/pgf/basiclayer/pgfcoreexternal.
code.tex
File: pgfcoreexternal.code.tex 2021/05/15 v3.1.9a (3.1.9a)
\pgfexternal@startupbox=\box64
))
(c:/msys64/mingw64/share/texmf-dist/tex/generic/pgf/basiclayer/pgfcorelayers.co
de.tex
File: pgfcorelayers.code.tex 2021/05/15 v3.1.9a (3.1.9a)
)
(c:/msys64/mingw64/share/texmf-dist/tex/generic/pgf/basiclayer/pgfcoretranspare
ncy.code.tex
File: pgfcoretransparency.code.tex 2021/05/15 v3.1.9a (3.1.9a)
)
(c:/msys64/mingw64/share/texmf-dist/tex/generic/pgf/basiclayer/pgfcorepatterns.
code.tex
File: pgfcorepatterns.code.tex 2021/05/15 v3.1.9a (3.1.9a)
)
(c:/msys64/mingw64/share/texmf-dist/tex/generic/pgf/basiclayer/pgfcorerdf.code.
tex
File: pgfcorerdf.code.tex 2021/05/15 v3.1.9a (3.1.9a)
))) (c:/msys64/mingw64/share/texmf-dist/tex/latex/pgf/utilities/xxcolor.sty
Package: xxcolor 2003/10/24 ver 0.1
\XC@nummixins=\count296
\XC@countmixins=\count297
) (c:/msys64/mingw64/share/texmf-dist/tex/latex/base/atbegshi-ltx.sty
Package: atbegshi-ltx 2021/01/10 v1.0c Emulation of the original atbegshi
package with kernel methods
)
(c:/msys64/mingw64/share/texmf-dist/tex/latex/hyperref/hyperref.sty
Package: hyperref 2022-02-21 v7.00n Hypertext links for LaTeX

(c:/msys64/mingw64/share/texmf-dist/tex/generic/ltxcmds/ltxcmds.sty
Package: ltxcmds 2020-05-10 v1.25 LaTeX kernel commands for general use (HO)
)
(c:/msys64/mingw64/share/texmf-dist/tex/generic/pdftexcmds/pdftexcmds.sty
Package: pdftexcmds 2020-06-27 v0.33 Utility functions of pdfTeX for LuaTeX (HO
)

(c:/msys64/mingw64/share/texmf-dist/tex/generic/infwarerr/infwarerr.sty
Package: infwarerr 2019/12/03 v1.5 Providing info/warning/error messages (HO)
)
Package pdftexcmds Info: \pdf@primitive is available.
Package pdftexcmds Info: \pdf@ifprimitive is available.
Package pdftexcmds Info: \pdfdraftmode found.
)
(c:/msys64/mingw64/share/texmf-dist/tex/generic/kvsetkeys/kvsetkeys.sty
Package: kvsetkeys 2019/12/15 v1.18 Key value parser (HO)
)
(c:/msys64/mingw64/share/texmf-dist/tex/generic/kvdefinekeys/kvdefinekeys.sty
Package: kvdefinekeys 2019-12-19 v1.6 Define keys (HO)
)
(c:/msys64/mingw64/share/texmf-dist/tex/generic/pdfescape/pdfescape.sty
Package: pdfescape 2019/12/09 v1.15 Implements pdfTeX's escape features (HO)
)
(c:/msys64/mingw64/share/texmf-dist/tex/latex/hycolor/hycolor.sty
Package: hycolor 2020-01-27 v1.10 Color options for hyperref/bookmark (HO)
)
(c:/msys64/mingw64/share/texmf-dist/tex/latex/letltxmacro/letltxmacro.sty
Package: letltxmacro 2019/12/03 v1.6 Let assignment for LaTeX macros (HO)
)
(c:/msys64/mingw64/share/texmf-dist/tex/latex/auxhook/auxhook.sty
Package: auxhook 2019-12-17 v1.6 Hooks for auxiliary files (HO)
)
(c:/msys64/mingw64/share/texmf-dist/tex/latex/kvoptions/kvoptions.sty
Package: kvoptions 2020-10-07 v3.14 Key value format for package options (HO)
)
\@linkdim=\dimen265
\Hy@linkcounter=\count298
\Hy@pagecounter=\count299

(c:/msys64/mingw64/share/texmf-dist/tex/latex/hyperref/pd1enc.def
File: pd1enc.def 2022-02-21 v7.00n Hyperref: PDFDocEncoding definition (HO)
Now handling font encoding PD1 ...
... no UTF-8 mapping file for font encoding PD1
)
(c:/msys64/mingw64/share/texmf-dist/tex/generic/intcalc/intcalc.sty
Package: intcalc 2019/12/15 v1.3 Expandable calculations with integers (HO)
)
(c:/msys64/mingw64/share/texmf-dist/tex/generic/etexcmds/etexcmds.sty
Package: etexcmds 2019/12/15 v1.7 Avoid name clashes with e-TeX commands (HO)
)
\Hy@SavedSpaceFactor=\count300

(c:/msys64/mingw64/share/texmf-dist/tex/latex/hyperref/puenc.def
File: puenc.def 2022-02-21 v7.00n Hyperref: PDF Unicode definition (HO)
Now handling font encoding PU ...
... no UTF-8 mapping file for font encoding PU
)
Package hyperref Info: Option `bookmarks' set `true' on input line 4018.
Package hyperref Info: Option `bookmarksopen' set `true' on input line 4018.
Package hyperref Info: Option `implicit' set `false' on input line 4018.
Package hyperref Info: Hyper figures OFF on input line 4137.
Package hyperref Info: Link nesting OFF on input line 4142.
Package hyperref Info: Hyper index ON on input line 4145.
Package hyperref Info: Plain pages OFF on input line 4152.
Package hyperref Info: Backreferencing OFF on input line 4157.
Package hyperref Info: Implicit mode OFF; no redefinition of LaTeX internals.
Package hyperref Info: Bookmarks ON on input line 4390.
\c@Hy@tempcnt=\count301

(c:/msys64/mingw64/share/texmf-dist/tex/latex/url/url.sty
\Urlmuskip=\muskip16
Package: url 2013/09/16  ver 3.4  Verb mode for urls, etc.
)
LaTeX Info: Redefining \url on input line 4749.
\XeTeXLinkMargin=\dimen266

(c:/msys64/mingw64/share/texmf-dist/tex/generic/bitset/bitset.sty
Package: bitset 2019/12/09 v1.3 Handle bit-vector datatype (HO)

(c:/msys64/mingw64/share/texmf-dist/tex/generic/bigintcalc/bigintcalc.sty
Package: bigintcalc 2019/12/15 v1.5 Expandable calculations on big integers (HO
)
))
\Fld@menulength=\count302
\Field@Width=\dimen267
\Fld@charsize=\dimen268
Package hyperref Info: Hyper figures OFF on input line 6027.
Package hyperref Info: Link nesting OFF on input line 6032.
Package hyperref Info: Hyper index ON on input line 6035.
Package hyperref Info: backreferencing OFF on input line 6042.
Package hyperref Info: Link coloring OFF on input line 6047.
Package hyperref Info: Link coloring with OCG OFF on input line 6052.
Package hyperref Info: PDF/A mode OFF on input line 6057.
LaTeX Info: Redefining \ref on input line 6097.
LaTeX Info: Redefining \pageref on input line 6101.
\Hy@abspage=\count303


Package hyperref Message: Stopped early.

)
Package hyperref Info: Driver (autodetected): hpdftex.
 (c:/msys64/mingw64/share/texmf-dist/tex/latex/hyperref/hpdftex.def
File: hpdftex.def 2022-02-21 v7.00n Hyperref driver for pdfTeX

(c:/msys64/mingw64/share/texmf-dist/tex/latex/base/atveryend-ltx.sty
Package: atveryend-ltx 2020/08/19 v1.0a Emulation of the original atveryend pac
kage
with kernel methods
)
\Fld@listcount=\count304
\c@bookmark@seq@number=\count305

(c:/msys64/mingw64/share/texmf-dist/tex/latex/rerunfilecheck/rerunfilecheck.sty
Package: rerunfilecheck 2019/12/05 v1.9 Rerun checks for auxiliary files (HO)

(c:/msys64/mingw64/share/texmf-dist/tex/generic/uniquecounter/uniquecounter.sty
Package: uniquecounter 2019/12/15 v1.4 Provide unlimited unique counter (HO)
)
Package uniquecounter Info: New unique counter `rerunfilecheck' on input line 2
86.
)) (c:/msys64/mingw64/share/texmf-dist/tex/latex/beamer/beamerbaserequires.sty
(c:/msys64/mingw64/share/texmf-dist/tex/latex/beamer/beamerbasecompatibility.st
y) (c:/msys64/mingw64/share/texmf-dist/tex/latex/beamer/beamerbasefont.sty
(c:/msys64/mingw64/share/texmf-dist/tex/latex/amsfonts/amssymb.sty
Package: amssymb 2013/01/14 v3.01 AMS font symbols

(c:/msys64/mingw64/share/texmf-dist/tex/latex/amsfonts/amsfonts.sty
Package: amsfonts 2013/01/14 v3.01 Basic AMSFonts support
\@emptytoks=\toks28
\symAMSa=\mathgroup4
\symAMSb=\mathgroup5
LaTeX Font Info:    Redeclaring math symbol \hbar on input line 98.
LaTeX Font Info:    Overwriting math alphabet `\mathfrak' in version `bold'
(Font)                  U/euf/m/n --> U/euf/b/n on input line 106.
))
(c:/msys64/mingw64/share/texmf-dist/tex/latex/sansmathaccent/sansmathaccent.sty
Package: sansmathaccent 2020/01/31
(c:/msys64/mingw64/share/texmf-dist/tex/latex/koma-script/scrlfile.sty
Package: scrlfile 2021/11/13 v3.35 KOMA-Script package (file load hooks)

(c:/msys64/mingw64/share/texmf-dist/tex/latex/koma-script/scrlfile-hook.sty
Package: scrlfile-hook 2021/11/13 v3.35 KOMA-Script package (using LaTeX hooks)


(c:/msys64/mingw64/share/texmf-dist/tex/latex/koma-script/scrlogo.sty
Package: scrlogo 2021/11/13 v3.35 KOMA-Script package (logo)
)))))
(c:/msys64/mingw64/share/texmf-dist/tex/latex/beamer/beamerbasetranslator.sty
(c:/msys64/mingw64/share/texmf-dist/tex/latex/translator/translator.sty
Package: translator 2021-05-31 v1.12d Easy translation of strings in LaTeX
))
(c:/msys64/mingw64/share/texmf-dist/tex/latex/beamer/beamerbasemisc.sty)
(c:/msys64/mingw64/share/texmf-dist/tex/latex/beamer/beamerbasetwoscreens.sty)
(c:/msys64/mingw64/share/texmf-dist/tex/latex/beamer/beamerbaseoverlay.sty
\beamer@argscount=\count306
\beamer@lastskipcover=\skip50
\beamer@trivlistdepth=\count307
)
(c:/msys64/mingw64/share/texmf-dist/tex/latex/beamer/beamerbasetitle.sty)
(c:/msys64/mingw64/share/texmf-dist/tex/latex/beamer/beamerbasesection.sty
\c@lecture=\count308
\c@part=\count309
\c@section=\count310
\c@subsection=\count311
\c@subsubsection=\count312
)
(c:/msys64/mingw64/share/texmf-dist/tex/latex/beamer/beamerbaseframe.sty
\beamer@framebox=\box65
\beamer@frametitlebox=\box66
\beamer@zoombox=\box67
\beamer@zoomcount=\count313
\beamer@zoomframecount=\count314
\beamer@frametextheight=\dimen269
\c@subsectionslide=\count315
\beamer@frametopskip=\skip51
\beamer@framebottomskip=\skip52
\beamer@frametopskipautobreak=\skip53
\beamer@framebottomskipautobreak=\skip54
\beamer@envbody=\toks29
\framewidth=\dimen270
\c@framenumber=\count316
)
(c:/msys64/mingw64/share/texmf-dist/tex/latex/beamer/beamerbaseverbatim.sty
\beamer@verbatimfileout=\write4
)
(c:/msys64/mingw64/share/texmf-dist/tex/latex/beamer/beamerbaseframesize.sty
\beamer@splitbox=\box68
\beamer@autobreakcount=\count317
\beamer@autobreaklastheight=\dimen271
\beamer@frametitletoks=\toks30
\beamer@framesubtitletoks=\toks31
)
(c:/msys64/mingw64/share/texmf-dist/tex/latex/beamer/beamerbaseframecomponents.
sty
\beamer@footins=\box69
) (c:/msys64/mingw64/share/texmf-dist/tex/latex/beamer/beamerbasecolor.sty)
(c:/msys64/mingw64/share/texmf-dist/tex/latex/beamer/beamerbasenotes.sty
\beamer@frameboxcopy=\box70
)
(c:/msys64/mingw64/share/texmf-dist/tex/latex/beamer/beamerbasetoc.sty)
(c:/msys64/mingw64/share/texmf-dist/tex/latex/beamer/beamerbasetemplates.sty
\beamer@sbttoks=\toks32

(c:/msys64/mingw64/share/texmf-dist/tex/latex/beamer/beamerbaseauxtemplates.sty
(c:/msys64/mingw64/share/texmf-dist/tex/latex/beamer/beamerbaseboxes.sty
\bmb@box=\box71
\bmb@colorbox=\box72
\bmb@boxwidth=\dimen272
\bmb@boxheight=\dimen273
\bmb@prevheight=\dimen274
\bmb@temp=\dimen275
\bmb@dima=\dimen276
\bmb@dimb=\dimen277
\bmb@prevheight=\dimen278
)
\beamer@blockheadheight=\dimen279
))
(c:/msys64/mingw64/share/texmf-dist/tex/latex/beamer/beamerbaselocalstructure.s
ty (c:/msys64/mingw64/share/texmf-dist/tex/latex/tools/enumerate.sty
Package: enumerate 2015/07/23 v3.00 enumerate extensions (DPC)
\@enLab=\toks33
)
\beamer@bibiconwidth=\skip55
\c@figure=\count318
\c@table=\count319
\abovecaptionskip=\skip56
\belowcaptionskip=\skip57
)
(c:/msys64/mingw64/share/texmf-dist/tex/latex/beamer/beamerbasenavigation.sty
\beamer@section@min@dim=\dimen280
)
(c:/msys64/mingw64/share/texmf-dist/tex/latex/beamer/beamerbasetheorems.sty
(c:/msys64/mingw64/share/texmf-dist/tex/latex/amsmath/amsmath.sty
Package: amsmath 2021/10/15 v2.17l AMS math features
\@mathmargin=\skip58

For additional information on amsmath, use the `?' option.
(c:/msys64/mingw64/share/texmf-dist/tex/latex/amsmath/amstext.sty
Package: amstext 2021/08/26 v2.01 AMS text

(c:/msys64/mingw64/share/texmf-dist/tex/latex/amsmath/amsgen.sty
File: amsgen.sty 1999/11/30 v2.0 generic functions
\@emptytoks=\toks34
\ex@=\dimen281
))
(c:/msys64/mingw64/share/texmf-dist/tex/latex/amsmath/amsbsy.sty
Package: amsbsy 1999/11/29 v1.2d Bold Symbols
\pmbraise@=\dimen282
)
(c:/msys64/mingw64/share/texmf-dist/tex/latex/amsmath/amsopn.sty
Package: amsopn 2021/08/26 v2.02 operator names
)
\inf@bad=\count320
LaTeX Info: Redefining \frac on input line 234.
\uproot@=\count321
\leftroot@=\count322
LaTeX Info: Redefining \overline on input line 399.
\classnum@=\count323
\DOTSCASE@=\count324
LaTeX Info: Redefining \ldots on input line 496.
LaTeX Info: Redefining \dots on input line 499.
LaTeX Info: Redefining \cdots on input line 620.
\Mathstrutbox@=\box73
\strutbox@=\box74
\big@size=\dimen283
LaTeX Font Info:    Redeclaring font encoding OML on input line 743.
LaTeX Font Info:    Redeclaring font encoding OMS on input line 744.
\macc@depth=\count325
\c@MaxMatrixCols=\count326
\dotsspace@=\muskip17
\c@parentequation=\count327
\dspbrk@lvl=\count328
\tag@help=\toks35
\row@=\count329
\column@=\count330
\maxfields@=\count331
\andhelp@=\toks36
\eqnshift@=\dimen284
\alignsep@=\dimen285
\tagshift@=\dimen286
\tagwidth@=\dimen287
\totwidth@=\dimen288
\lineht@=\dimen289
\@envbody=\toks37
\multlinegap=\skip59
\multlinetaggap=\skip60
\mathdisplay@stack=\toks38
LaTeX Info: Redefining \[ on input line 2938.
LaTeX Info: Redefining \] on input line 2939.
)
(c:/msys64/mingw64/share/texmf-dist/tex/latex/amscls/amsthm.sty
Package: amsthm 2020/05/29 v2.20.6
\thm@style=\toks39
\thm@bodyfont=\toks40
\thm@headfont=\toks41
\thm@notefont=\toks42
\thm@headpunct=\toks43
\thm@preskip=\skip61
\thm@postskip=\skip62
\thm@headsep=\skip63
\dth@everypar=\toks44
)
\c@theorem=\count332
)
(c:/msys64/mingw64/share/texmf-dist/tex/latex/beamer/beamerbasethemes.sty))
(c:/msys64/mingw64/share/texmf-dist/tex/latex/beamer/beamerthemedefault.sty
(c:/msys64/mingw64/share/texmf-dist/tex/latex/beamer/beamerfontthemedefault.sty
)
(c:/msys64/mingw64/share/texmf-dist/tex/latex/beamer/beamercolorthemedefault.st
y)
(c:/msys64/mingw64/share/texmf-dist/tex/latex/beamer/beamerinnerthemedefault.st
y
\beamer@dima=\dimen290
\beamer@dimb=\dimen291
)
(c:/msys64/mingw64/share/texmf-dist/tex/latex/beamer/beamerouterthemedefault.st
y))) (./beamerthemeonera.sty
(c:/msys64/mingw64/share/texmf-dist/tex/latex/sansmathfonts/sansmathfonts.sty
Package: sansmathfonts 2021/06/22

(c:/msys64/mingw64/share/texmf-dist/tex/latex/beamer/beamerfontthemeprofessiona
lfonts.sty)
LaTeX Font Info:    Redeclaring symbol font `operators' on input line 76.
LaTeX Font Info:    Overwriting symbol font `operators' in version `normal'
(Font)                  OT1/cmr/m/n --> OT1/cmsmf/m/n on input line 76.
LaTeX Font Info:    Overwriting symbol font `operators' in version `bold'
(Font)                  OT1/cmr/bx/n --> OT1/cmsmf/m/n on input line 76.
LaTeX Font Info:    Redeclaring symbol font `letters' on input line 77.
LaTeX Font Info:    Overwriting symbol font `letters' in version `normal'
(Font)                  OML/cmm/m/it --> OML/cmssm/m/it on input line 77.
LaTeX Font Info:    Overwriting symbol font `letters' in version `bold'
(Font)                  OML/cmm/b/it --> OML/cmssm/m/it on input line 77.
LaTeX Font Info:    Redeclaring symbol font `symbols' on input line 78.
LaTeX Font Info:    Overwriting symbol font `symbols' in version `normal'
(Font)                  OMS/cmsy/m/n --> OMS/cmsssy/m/n on input line 78.
LaTeX Font Info:    Overwriting symbol font `symbols' in version `bold'
(Font)                  OMS/cmsy/b/n --> OMS/cmsssy/m/n on input line 78.
LaTeX Font Info:    Redeclaring symbol font `largesymbols' on input line 79.
LaTeX Font Info:    Overwriting symbol font `largesymbols' in version `normal'
(Font)                  OMX/cmex/m/n --> OMX/cmssex/m/n on input line 79.
LaTeX Font Info:    Overwriting symbol font `largesymbols' in version `bold'
(Font)                  OMX/cmex/m/n --> OMX/cmssex/m/n on input line 79.
LaTeX Font Info:    Overwriting symbol font `operators' in version `bold'
(Font)                  OT1/cmsmf/m/n --> OT1/cmsmf/bx/n on input line 80.
LaTeX Font Info:    Overwriting symbol font `letters' in version `bold'
(Font)                  OML/cmssm/m/it --> OML/cmssm/b/it on input line 81.
LaTeX Font Info:    Overwriting symbol font `symbols' in version `bold'
(Font)                  OMS/cmsssy/m/n --> OMS/cmsssy/b/n on input line 82.
LaTeX Font Info:    Redeclaring math alphabet \mathbf on input line 129.
LaTeX Font Info:    Overwriting math alphabet `\mathbf' in version `normal'
(Font)                  OT1/cmr/bx/n --> OT1/cmsmf/bx/n on input line 129.
LaTeX Font Info:    Overwriting math alphabet `\mathbf' in version `bold'
(Font)                  OT1/cmr/bx/n --> OT1/cmsmf/bx/n on input line 129.
LaTeX Font Info:    Redeclaring math alphabet \mathit on input line 130.
LaTeX Font Info:    Overwriting math alphabet `\mathit' in version `normal'
(Font)                  OT1/cmr/m/it --> OT1/cmsmf/m/it on input line 130.
LaTeX Font Info:    Overwriting math alphabet `\mathit' in version `bold'
(Font)                  OT1/cmr/bx/it --> OT1/cmsmf/m/it on input line 130.
LaTeX Font Info:    Redeclaring math alphabet \mathtt on input line 131.
LaTeX Font Info:    Overwriting math alphabet `\mathtt' in version `normal'
(Font)                  OT1/cmtt/m/n --> OT1/cmtt/m/n on input line 131.
LaTeX Font Info:    Overwriting math alphabet `\mathtt' in version `bold'
(Font)                  OT1/cmtt/m/n --> OT1/cmtt/m/n on input line 131.
LaTeX Font Info:    Overwriting math alphabet `\mathsf' in version `bold'
(Font)                  OT1/cmss/bx/n --> OT1/cmsmf/bx/n on input line 132.
LaTeX Font Info:    Overwriting math alphabet `\mathit' in version `bold'
(Font)                  OT1/cmsmf/m/it --> OT1/cmsmf/bx/it on input line 133.
LaTeX Font Info:    Redeclaring math alphabet \mathsf on input line 138.
LaTeX Font Info:    Overwriting math alphabet `\mathsf' in version `normal'
(Font)                  OT1/cmss/m/n --> OT1/cmsmf/m/n on input line 138.
LaTeX Font Info:    Overwriting math alphabet `\mathsf' in version `bold'
(Font)                  OT1/cmsmf/bx/n --> OT1/cmsmf/m/n on input line 138.
) (c:/msys64/mingw64/share/texmf-dist/tex/latex/psnfss/helvet.sty
Package: helvet 2020/03/25 PSNFSS-v9.3 (WaS) 
)
(c:/msys64/mingw64/share/texmf-dist/tex/latex/pgf/frontendlayer/tikz.sty
(c:/msys64/mingw64/share/texmf-dist/tex/latex/pgf/basiclayer/pgf.sty
Package: pgf 2021/05/15 v3.1.9a (3.1.9a)

(c:/msys64/mingw64/share/texmf-dist/tex/generic/pgf/modules/pgfmoduleshapes.cod
e.tex
File: pgfmoduleshapes.code.tex 2021/05/15 v3.1.9a (3.1.9a)
\pgfnodeparttextbox=\box75
)
(c:/msys64/mingw64/share/texmf-dist/tex/generic/pgf/modules/pgfmoduleplot.code.
tex
File: pgfmoduleplot.code.tex 2021/05/15 v3.1.9a (3.1.9a)
)
(c:/msys64/mingw64/share/texmf-dist/tex/latex/pgf/compatibility/pgfcomp-version
-0-65.sty
Package: pgfcomp-version-0-65 2021/05/15 v3.1.9a (3.1.9a)
\pgf@nodesepstart=\dimen292
\pgf@nodesepend=\dimen293
)
(c:/msys64/mingw64/share/texmf-dist/tex/latex/pgf/compatibility/pgfcomp-version
-1-18.sty
Package: pgfcomp-version-1-18 2021/05/15 v3.1.9a (3.1.9a)
))
(c:/msys64/mingw64/share/texmf-dist/tex/latex/pgf/utilities/pgffor.sty
(c:/msys64/mingw64/share/texmf-dist/tex/generic/pgf/utilities/pgffor.code.tex
Package: pgffor 2021/05/15 v3.1.9a (3.1.9a)

(c:/msys64/mingw64/share/texmf-dist/tex/generic/pgf/math/pgfmath.code.tex)
\pgffor@iter=\dimen294
\pgffor@skip=\dimen295
\pgffor@stack=\toks45
\pgffor@toks=\toks46
))
(c:/msys64/mingw64/share/texmf-dist/tex/generic/pgf/frontendlayer/tikz/tikz.cod
e.tex
Package: tikz 2021/05/15 v3.1.9a (3.1.9a)

(c:/msys64/mingw64/share/texmf-dist/tex/generic/pgf/libraries/pgflibraryplothan
dlers.code.tex
File: pgflibraryplothandlers.code.tex 2021/05/15 v3.1.9a (3.1.9a)
\pgf@plot@mark@count=\count333
\pgfplotmarksize=\dimen296
)
\tikz@lastx=\dimen297
\tikz@lasty=\dimen298
\tikz@lastxsaved=\dimen299
\tikz@lastysaved=\dimen300
\tikz@lastmovetox=\dimen301
\tikz@lastmovetoy=\dimen302
\tikzleveldistance=\dimen303
\tikzsiblingdistance=\dimen304
\tikz@figbox=\box76
\tikz@figbox@bg=\box77
\tikz@tempbox=\box78
\tikz@tempbox@bg=\box79
\tikztreelevel=\count334
\tikznumberofchildren=\count335
\tikznumberofcurrentchild=\count336
\tikz@fig@count=\count337

(c:/msys64/mingw64/share/texmf-dist/tex/generic/pgf/modules/pgfmodulematrix.cod
e.tex
File: pgfmodulematrix.code.tex 2021/05/15 v3.1.9a (3.1.9a)
\pgfmatrixcurrentrow=\count338
\pgfmatrixcurrentcolumn=\count339
\pgf@matrix@numberofcolumns=\count340
)
\tikz@expandcount=\count341

(c:/msys64/mingw64/share/texmf-dist/tex/generic/pgf/frontendlayer/tikz/librarie
s/tikzlibrarytopaths.code.tex
File: tikzlibrarytopaths.code.tex 2021/05/15 v3.1.9a (3.1.9a)
)))
(c:/msys64/mingw64/share/texmf-dist/tex/generic/pgf/frontendlayer/tikz/librarie
s/tikzlibrarypositioning.code.tex
File: tikzlibrarypositioning.code.tex 2021/05/15 v3.1.9a (3.1.9a)
)
(c:/msys64/mingw64/share/texmf-dist/tex/latex/base/inputenc.sty
Package: inputenc 2021/02/14 v1.3d Input encoding file
\inpenc@prehook=\toks47
\inpenc@posthook=\toks48

(c:/msys64/mingw64/share/texmf-dist/tex/latex/ucs/utf8x.def
File: utf8x.def 2004/10/17 UCS: Input encoding UTF-8
))
(c:/msys64/mingw64/share/texmf-dist/tex/latex/ucs/ucs.sty
Package: ucs 2013/05/11 v2.2 UCS: Unicode input support

(c:/msys64/mingw64/share/texmf-dist/tex/latex/ucs/data/uni-global.def
File: uni-global.def 2013/05/13 UCS: Unicode global data
)
\uc@secondtry=\count342
\uc@combtoks=\toks49
\uc@combtoksb=\toks50
\uc@temptokena=\toks51
)
(c:/msys64/mingw64/share/texmf-dist/tex/latex/base/fontenc.sty
Package: fontenc 2021/04/29 v2.0v Standard LaTeX package
LaTeX Font Info:    Trying to load font information for T1+phv on input line 11
2.

(c:/msys64/mingw64/share/texmf-dist/tex/latex/psnfss/t1phv.fd
File: t1phv.fd 2020/03/25 scalable font definitions for T1/phv.
))
(c:/msys64/mingw64/share/texmf-dist/tex/generic/babel/babel.sty
Package: babel 2022/04/30 3.74 The Babel package
\babel@savecnt=\count343
\U@D=\dimen305
\l@unhyphenated=\language87

(c:/msys64/mingw64/share/texmf-dist/tex/generic/babel/txtbabel.def)
\bbl@readstream=\read3
LaTeX Info: Redefining \textlatin on input line 3990.
\bbl@dirlevel=\count344

(c:/msys64/mingw64/share/texmf-dist/tex/generic/babel-french/french.ldf
Language: french 2022/04/18 v3.5n French support from the babel system
Package babel Info: Hyphen rules for 'acadian' set to \l@french
(babel)             (\language48). Reported on input line 91.
Package babel Info: Hyphen rules for 'canadien' set to \l@french
(babel)             (\language48). Reported on input line 92.
\FB@nonchar=\count345
Package babel Info: Making : an active character on input line 430.
Package babel Info: Making ; an active character on input line 431.
Package babel Info: Making ! an active character on input line 432.
Package babel Info: Making ? an active character on input line 433.
\FBguill@level=\count346
\FBold@everypar=\toks52
\FB@Mht=\dimen306
\mc@charclass=\count347
\mc@charfam=\count348
\mc@charslot=\count349
\std@mcc=\count350
\dec@mcc=\count351
\listindentFB=\dimen307
\descindentFB=\dimen308
\labelindentFB=\dimen309
\labelwidthFB=\dimen310
\leftmarginFB=\dimen311
\parindentFFN=\dimen312
\FBfnindent=\dimen313
))
(c:/msys64/mingw64/share/texmf-dist/tex/latex/carlisle/scalefnt.sty)
Package french.ldf Info: No list customisation for the beamer class,
(french.ldf)             reported on input line 63.

(c:/msys64/mingw64/share/texmf-dist/tex/latex/tcolorbox/tcolorbox.sty
Package: tcolorbox 2022/01/07 version 5.0.2 text color boxes

(c:/msys64/mingw64/share/texmf-dist/tex/latex/tools/verbatim.sty
Package: verbatim 2020-07-07 v1.5u LaTeX2e package for verbatim enhancements
\every@verbatim=\toks53
\verbatim@line=\toks54
\verbatim@in@stream=\read4
)
(c:/msys64/mingw64/share/texmf-dist/tex/latex/environ/environ.sty
Package: environ 2014/05/04 v0.3 A new way to define environments

(c:/msys64/mingw64/share/texmf-dist/tex/latex/trimspaces/trimspaces.sty
Package: trimspaces 2009/09/17 v1.1 Trim spaces around a token list
))
\tcb@titlebox=\box80
\tcb@upperbox=\box81
\tcb@lowerbox=\box82
\tcb@phantombox=\box83
\c@tcbbreakpart=\count352
\c@tcblayer=\count353
\c@tcolorbox@number=\count354
\tcb@temp=\box84
\tcb@temp=\box85
\tcb@temp=\box86
\tcb@temp=\box87

(c:/msys64/mingw64/share/texmf-dist/tex/latex/tcolorbox/tcbskins.code.tex
Library (tcolorbox): 'tcbskins.code.tex' version '5.0.2'
\tcb@waterbox=\box88

(c:/msys64/mingw64/share/texmf-dist/tex/latex/tcolorbox/tcbskinsjigsaw.code.tex
Library (tcolorbox): 'tcbskinsjigsaw.code.tex' version '5.0.2'
))) (c:/msys64/mingw64/share/texmf-dist/tex/latex/varwidth/varwidth.sty
Package: varwidth 2009/03/30 ver 0.92;  Variable-width minipages
\@vwid@box=\box89
\sift@deathcycles=\count355
\@vwid@loff=\dimen314
\@vwid@roff=\dimen315
)
(./beamerinnerthemeonera.sty) (./beamerouterthemeonera.sty)
(./beamercolorthemeonera.sty) (./beamerfontthemeonera.sty)
Package hyperref Info: Option `colorlinks' set `true' on input line 96.
\@bigflushglue=\skip64
)
(c:/msys64/mingw64/share/texmf-dist/tex/latex/psnfss/pifont.sty
Package: pifont 2020/03/25 PSNFSS-v9.3 Pi font support (SPQR) 
LaTeX Font Info:    Trying to load font information for U+pzd on input line 63.


(c:/msys64/mingw64/share/texmf-dist/tex/latex/psnfss/upzd.fd
File: upzd.fd 2001/06/04 font definitions for U/pzd.
)
LaTeX Font Info:    Trying to load font information for U+psy on input line 64.


(c:/msys64/mingw64/share/texmf-dist/tex/latex/psnfss/upsy.fd
File: upsy.fd 2001/06/04 font definitions for U/psy.
))
(c:/msys64/mingw64/share/texmf-dist/tex/latex/tools/multicol.sty
Package: multicol 2021/10/28 v1.9b multicolumn formatting (FMi)
\c@tracingmulticols=\count356
\mult@box=\box90
\multicol@leftmargin=\dimen316
\c@unbalance=\count357
\c@collectmore=\count358
\doublecol@number=\count359
\multicoltolerance=\count360
\multicolpretolerance=\count361
\full@width=\dimen317
\page@free=\dimen318
\premulticols=\dimen319
\postmulticols=\dimen320
\multicolsep=\skip65
\multicolbaselineskip=\skip66
\partial@page=\box91
\last@line=\box92
\maxbalancingoverflow=\dimen321
\mult@rightbox=\box93
\mult@grightbox=\box94
\mult@firstbox=\box95
\mult@gfirstbox=\box96
\@tempa=\box97
\@tempa=\box98
\@tempa=\box99
\@tempa=\box100
\@tempa=\box101
\@tempa=\box102
\@tempa=\box103
\@tempa=\box104
\@tempa=\box105
\@tempa=\box106
\@tempa=\box107
\@tempa=\box108
\@tempa=\box109
\@tempa=\box110
\@tempa=\box111
\@tempa=\box112
\@tempa=\box113
\@tempa=\box114
\@tempa=\box115
\@tempa=\box116
\@tempa=\box117
\@tempa=\box118
\@tempa=\box119
\@tempa=\box120
\@tempa=\box121
\@tempa=\box122
\@tempa=\box123
\@tempa=\box124
\@tempa=\box125
\@tempa=\box126
\@tempa=\box127
\@tempa=\box128
\@tempa=\box129
\@tempa=\box130
\@tempa=\box131
\@tempa=\box132
\c@minrows=\count362
\c@columnbadness=\count363
\c@finalcolumnbadness=\count364
\last@try=\dimen322
\multicolovershoot=\dimen323
\multicolundershoot=\dimen324
\mult@nat@firstbox=\box133
\colbreak@box=\box134
\mc@col@check@num=\count365
)
(c:/msys64/mingw64/share/texmf-dist/tex/latex/anyfontsize/anyfontsize.sty
Package: anyfontsize 2007/11/22 anyfontsize.sty by pts
)
(c:/msys64/mingw64/share/texmf-dist/tex/latex/multirow/multirow.sty
Package: multirow 2021/03/15 v2.8 Span multiple rows of a table
\multirow@colwidth=\skip67
\multirow@cntb=\count366
\multirow@dima=\skip68
\bigstrutjot=\dimen325
)
(c:/msys64/mingw64/share/texmf-dist/tex/latex/fancybox/fancybox.sty
Package: fancybox 2010/05/15 1.4

Style option: `fancybox' v1.4 <2010/05/15> (tvz)
\@fancybox=\box135
\shadowsize=\dimen326
\@Sbox=\box136
\do@VerbBox=\toks55
\the@fancyput=\toks56
\this@fancyput=\toks57
\EndVerbatimTokens=\toks58
\Verbatim@Outfile=\write5
\Verbatim@Infile=\read5
) (c:/msys64/mingw64/share/texmf-dist/tex/latex/colortbl/colortbl.sty
Package: colortbl 2020/01/04 v1.0e Color table columns (DPC)

(c:/msys64/mingw64/share/texmf-dist/tex/latex/tools/array.sty
Package: array 2021/10/04 v2.5f Tabular extension package (FMi)
\col@sep=\dimen327
\ar@mcellbox=\box137
\extrarowheight=\dimen328
\NC@list=\toks59
\extratabsurround=\skip69
\backup@length=\skip70
\ar@cellbox=\box138
)
\everycr=\toks60
\minrowclearance=\skip71
)
(c:/msys64/mingw64/share/texmf-dist/tex/latex/minted/minted.sty
Package: minted 2021/12/24 v2.6 Yet another Pygments shim for LaTeX

(c:/msys64/mingw64/share/texmf-dist/tex/latex/fvextra/fvextra.sty
Package: fvextra 2019/02/04 v1.4 fvextra - extensions and patches for fancyvrb

(c:/msys64/mingw64/share/texmf-dist/tex/latex/base/ifthen.sty
Package: ifthen 2020/11/24 v1.1c Standard LaTeX ifthen package (DPC)
)
(c:/msys64/mingw64/share/texmf-dist/tex/latex/fancyvrb/fancyvrb.sty
Package: fancyvrb 2022/04/12 4.2 verbatim text (tvz,hv)
\FV@CodeLineNo=\count367
\FV@InFile=\read6
\FV@TabBox=\box139
\c@FancyVerbLine=\count368
\FV@StepNumber=\count369
\FV@OutFile=\write6
LaTeX Info: Redefining \UseVerb on input line 1241.
)
(c:/msys64/mingw64/share/texmf-dist/tex/latex/upquote/upquote.sty
Package: upquote 2012/04/19 v1.3 upright-quote and grave-accent glyphs in verba
tim

(c:/msys64/mingw64/share/texmf-dist/tex/latex/base/textcomp.sty
Package: textcomp 2020/02/02 v2.0n Standard LaTeX package
))
(c:/msys64/mingw64/share/texmf-dist/tex/latex/lineno/lineno.sty
Package: lineno 2005/11/02 line numbers on paragraphs v4.41
\linenopenalty=\count370
\output=\toks61
\linenoprevgraf=\count371
\linenumbersep=\dimen329
\linenumberwidth=\dimen330
\c@linenumber=\count372
\c@pagewiselinenumber=\count373
\c@LN@truepage=\count374
\c@internallinenumber=\count375
\c@internallinenumbers=\count376
\quotelinenumbersep=\dimen331
\bframerule=\dimen332
\bframesep=\dimen333
\bframebox=\box140
LaTeX Info: Redefining \\ on input line 3056.
)
\c@FV@TrueTabGroupLevel=\count377
\c@FV@TrueTabCounter=\count378
\FV@TabBox@Group=\box141
\FV@TmpLength=\skip72
\c@FV@HighlightLinesStart=\count379
\c@FV@HighlightLinesStop=\count380
\FV@LoopCount=\count381
\FV@NCharsBox=\box142
\FV@BreakIndent=\dimen334
\FV@BreakIndentNChars=\count382
\FV@BreakSymbolSepLeft=\dimen335
\FV@BreakSymbolSepLeftNChars=\count383
\FV@BreakSymbolSepRight=\dimen336
\FV@BreakSymbolSepRightNChars=\count384
\FV@BreakSymbolIndentLeft=\dimen337
\FV@BreakSymbolIndentLeftNChars=\count385
\FV@BreakSymbolIndentRight=\dimen338
\FV@BreakSymbolIndentRightNChars=\count386
\c@FancyVerbLineBreakLast=\count387
\FV@LineBox=\box143
\FV@LineIndentBox=\box144
\FV@LineWidth=\dimen339
)
(c:/msys64/mingw64/share/texmf-dist/tex/latex/tools/calc.sty
Package: calc 2017/05/25 v4.3 Infix arithmetic (KKT,FJ)
\calc@Acount=\count388
\calc@Bcount=\count389
\calc@Adimen=\dimen340
\calc@Bdimen=\dimen341
\calc@Askip=\skip73
\calc@Bskip=\skip74
LaTeX Info: Redefining \setlength on input line 80.
LaTeX Info: Redefining \addtolength on input line 81.
\calc@Ccount=\count390
\calc@Cskip=\skip75
)
(c:/msys64/mingw64/share/texmf-dist/tex/latex/tools/shellesc.sty
Package: shellesc 2019/11/08 v1.0c unified shell escape interface for LaTeX
Package shellesc Info: Unrestricted shell escape enabled on input line 75.
)
(c:/msys64/mingw64/share/texmf-dist/tex/latex/ifplatform/ifplatform.sty
Package: ifplatform 2017/10/13 v0.4a Testing for the operating system

(c:/msys64/mingw64/share/texmf-dist/tex/generic/catchfile/catchfile.sty
Package: catchfile 2019/12/09 v1.8 Catch the contents of a file (HO)
)
(c:/msys64/mingw64/share/texmf-dist/tex/generic/iftex/ifluatex.sty
Package: ifluatex 2019/10/25 v1.5 ifluatex legacy package. Use iftex instead.
))
(c:/msys64/mingw64/share/texmf-dist/tex/generic/xstring/xstring.sty
(c:/msys64/mingw64/share/texmf-dist/tex/generic/xstring/xstring.tex
\integerpart=\count391
\decimalpart=\count392
)
Package: xstring 2021/07/21 v1.84 String manipulations (CT)
)
(c:/msys64/mingw64/share/texmf-dist/tex/latex/framed/framed.sty
Package: framed 2011/10/22 v 0.96: framed or shaded text with page breaks
\OuterFrameSep=\skip76
\fb@frw=\dimen342
\fb@frh=\dimen343
\FrameRule=\dimen344
\FrameSep=\dimen345
)
(c:/msys64/mingw64/share/texmf-dist/tex/latex/float/float.sty
Package: float 2001/11/08 v1.3d Float enhancements (AL)
\c@float@type=\count393
\float@exts=\toks62
\float@box=\box145
\@float@everytoks=\toks63
\@floatcapt=\box146
)
\minted@appexistsfile=\read7
\minted@bgbox=\box147
\minted@code=\write7
\c@minted@FancyVerbLineTemp=\count394
\c@minted@pygmentizecounter=\count395
\@float@every@listing=\toks64
\c@listing=\count396
)
runsystem(if not exist _minted-Cours_3 mkdir _minted-Cours_3)...executed.


(c:/msys64/mingw64/share/texmf-dist/tex/latex/oberdiek/ifdraft.sty
Package: ifdraft 2016/05/16 v1.4 Detect class options draft and final (HO)
)
(c:/msys64/mingw64/share/texmf-dist/tex/generic/pgf/frontendlayer/tikz/librarie
s/tikzlibraryshadows.code.tex
File: tikzlibraryshadows.code.tex 2021/05/15 v3.1.9a (3.1.9a)

(c:/msys64/mingw64/share/texmf-dist/tex/generic/pgf/frontendlayer/tikz/librarie
s/tikzlibraryfadings.code.tex
File: tikzlibraryfadings.code.tex 2021/05/15 v3.1.9a (3.1.9a)

(c:/msys64/mingw64/share/texmf-dist/tex/generic/pgf/libraries/pgflibraryfadings
.code.tex
File: pgflibraryfadings.code.tex 2021/05/15 v3.1.9a (3.1.9a)
)))
(c:/msys64/mingw64/share/texmf-dist/tex/generic/pgf/frontendlayer/tikz/librarie
s/tikzlibraryarrows.code.tex
File: tikzlibraryarrows.code.tex 2021/05/15 v3.1.9a (3.1.9a)

(c:/msys64/mingw64/share/texmf-dist/tex/generic/pgf/libraries/pgflibraryarrows.
code.tex
File: pgflibraryarrows.code.tex 2021/05/15 v3.1.9a (3.1.9a)
\arrowsize=\dimen346
))
(c:/msys64/mingw64/share/texmf-dist/tex/generic/pgf/frontendlayer/tikz/librarie
s/tikzlibrarydecorations.pathmorphing.code.tex
(c:/msys64/mingw64/share/texmf-dist/tex/generic/pgf/frontendlayer/tikz/librarie
s/tikzlibrarydecorations.code.tex
(c:/msys64/mingw64/share/texmf-dist/tex/generic/pgf/modules/pgfmoduledecoration
s.code.tex
\pgfdecoratedcompleteddistance=\dimen347
\pgfdecoratedremainingdistance=\dimen348
\pgfdecoratedinputsegmentcompleteddistance=\dimen349
\pgfdecoratedinputsegmentremainingdistance=\dimen350
\pgf@decorate@distancetomove=\dimen351
\pgf@decorate@repeatstate=\count397
\pgfdecorationsegmentamplitude=\dimen352
\pgfdecorationsegmentlength=\dimen353
)
\tikz@lib@dec@box=\box148
)
(c:/msys64/mingw64/share/texmf-dist/tex/generic/pgf/libraries/decorations/pgfli
brarydecorations.pathmorphing.code.tex))
(c:/msys64/mingw64/share/texmf-dist/tex/generic/pgf/frontendlayer/tikz/librarie
s/tikzlibraryshapes.arrows.code.tex
File: tikzlibraryshapes.arrows.code.tex 2021/05/15 v3.1.9a (3.1.9a)

(c:/msys64/mingw64/share/texmf-dist/tex/generic/pgf/libraries/shapes/pgflibrary
shapes.arrows.code.tex
File: pgflibraryshapes.arrows.code.tex 2021/05/15 v3.1.9a (3.1.9a)
))
(c:/msys64/mingw64/share/texmf-dist/tex/generic/pgf/frontendlayer/tikz/librarie
s/tikzlibrarycalc.code.tex
File: tikzlibrarycalc.code.tex 2021/05/15 v3.1.9a (3.1.9a)
)
(c:/msys64/mingw64/share/texmf-dist/tex/generic/pgf/frontendlayer/tikz/librarie
s/tikzlibraryshapes.code.tex
File: tikzlibraryshapes.code.tex 2021/05/15 v3.1.9a (3.1.9a)

(c:/msys64/mingw64/share/texmf-dist/tex/generic/pgf/frontendlayer/tikz/librarie
s/tikzlibraryshapes.geometric.code.tex
File: tikzlibraryshapes.geometric.code.tex 2021/05/15 v3.1.9a (3.1.9a)

(c:/msys64/mingw64/share/texmf-dist/tex/generic/pgf/libraries/shapes/pgflibrary
shapes.geometric.code.tex
File: pgflibraryshapes.geometric.code.tex 2021/05/15 v3.1.9a (3.1.9a)
))
(c:/msys64/mingw64/share/texmf-dist/tex/generic/pgf/frontendlayer/tikz/librarie
s/tikzlibraryshapes.misc.code.tex
File: tikzlibraryshapes.misc.code.tex 2021/05/15 v3.1.9a (3.1.9a)

(c:/msys64/mingw64/share/texmf-dist/tex/generic/pgf/libraries/shapes/pgflibrary
shapes.misc.code.tex
File: pgflibraryshapes.misc.code.tex 2021/05/15 v3.1.9a (3.1.9a)
))
(c:/msys64/mingw64/share/texmf-dist/tex/generic/pgf/frontendlayer/tikz/librarie
s/tikzlibraryshapes.symbols.code.tex
File: tikzlibraryshapes.symbols.code.tex 2021/05/15 v3.1.9a (3.1.9a)

(c:/msys64/mingw64/share/texmf-dist/tex/generic/pgf/libraries/shapes/pgflibrary
shapes.symbols.code.tex
File: pgflibraryshapes.symbols.code.tex 2021/05/15 v3.1.9a (3.1.9a)
))
(c:/msys64/mingw64/share/texmf-dist/tex/generic/pgf/frontendlayer/tikz/librarie
s/tikzlibraryshapes.callouts.code.tex
(c:/msys64/mingw64/share/texmf-dist/tex/generic/pgf/libraries/shapes/pgflibrary
shapes.callouts.code.tex))
(c:/msys64/mingw64/share/texmf-dist/tex/generic/pgf/frontendlayer/tikz/librarie
s/tikzlibraryshapes.multipart.code.tex
File: tikzlibraryshapes.multipart.code.tex 2021/05/15 v3.1.9a (3.1.9a)

(c:/msys64/mingw64/share/texmf-dist/tex/generic/pgf/libraries/shapes/pgflibrary
shapes.multipart.code.tex
File: pgflibraryshapes.multipart.code.tex 2021/05/15 v3.1.9a (3.1.9a)
\pgfnodepartlowerbox=\box149
\pgfnodeparttwobox=\box150
\pgfnodepartthreebox=\box151
\pgfnodepartfourbox=\box152
\pgfnodeparttwentybox=\box153
\pgfnodepartnineteenbox=\box154
\pgfnodeparteighteenbox=\box155
\pgfnodepartseventeenbox=\box156
\pgfnodepartsixteenbox=\box157
\pgfnodepartfifteenbox=\box158
\pgfnodepartfourteenbox=\box159
\pgfnodepartthirteenbox=\box160
\pgfnodeparttwelvebox=\box161
\pgfnodepartelevenbox=\box162
\pgfnodeparttenbox=\box163
\pgfnodepartninebox=\box164
\pgfnodeparteightbox=\box165
\pgfnodepartsevenbox=\box166
\pgfnodepartsixbox=\box167
\pgfnodepartfivebox=\box168
)))
(c:/msys64/mingw64/share/texmf-dist/tex/generic/pgf/frontendlayer/tikz/librarie
s/tikzlibraryfit.code.tex
File: tikzlibraryfit.code.tex 2021/05/15 v3.1.9a (3.1.9a)
)
(c:/msys64/mingw64/share/texmf-dist/tex/generic/pgf/frontendlayer/tikz/librarie
s/tikzlibrarymatrix.code.tex
File: tikzlibrarymatrix.code.tex 2021/05/15 v3.1.9a (3.1.9a)
)
(c:/msys64/mingw64/share/texmf-dist/tex/generic/pgf/frontendlayer/tikz/librarie
s/tikzlibrarymath.code.tex
(c:/msys64/mingw64/share/texmf-dist/tex/generic/pgf/frontendlayer/tikz/librarie
s/tikzlibraryfpu.code.tex
(c:/msys64/mingw64/share/texmf-dist/tex/generic/pgf/libraries/pgflibraryfpu.cod
e.tex))
\tikz@math@for@depth=\count398
\tikz@math@dimen=\dimen354
\tikz@math@toks=\toks65
) (c:/msys64/mingw64/share/texmf-dist/tex/latex/base/t1cmtt.fd
File: t1cmtt.fd 2019/12/16 v2.5j Standard LaTeX font definitions
)

Package hyperref Warning: Token not allowed in a PDF string (Unicode):
(hyperref)                removing `\\' on input line 49.

runsystem(for ^%i in (pygmentize.exe pygmentize.bat pygmentize.cmd) do set > Co
urs_3.aex <nul: /p x=^%~$PATH:i>> Cours_3.aex)...executed.

runsystem(del Cours_3.aex)...executed.

(c:/msys64/mingw64/share/texmf-dist/tex/latex/l3backend/l3backend-pdftex.def
File: l3backend-pdftex.def 2022-04-20 L3 backend support: PDF output (pdfTeX)
\l__color_backend_stack_int=\count399
\l__pdf_internal_box=\box169
)
(./Cours_3.aux)
\openout1 = `Cours_3.aux'.

LaTeX Font Info:    Checking defaults for OML/cmssm/m/it on input line 62.
LaTeX Font Info:    Trying to load font information for OML+cmssm on input line
 62.

(c:/msys64/mingw64/share/texmf-dist/tex/latex/sansmathfonts/omlcmssm.fd
File: omlcmssm.fd 2019/04/04
)
LaTeX Font Info:    ... okay on input line 62.
LaTeX Font Info:    Checking defaults for OMS/cmsssy/m/n on input line 62.
LaTeX Font Info:    Trying to load font information for OMS+cmsssy on input lin
e 62.

(c:/msys64/mingw64/share/texmf-dist/tex/latex/sansmathfonts/omscmsssy.fd
File: omscmsssy.fd 2019/04/04
)
LaTeX Font Info:    ... okay on input line 62.
LaTeX Font Info:    Checking defaults for OT1/cmr/m/n on input line 62.
LaTeX Font Info:    ... okay on input line 62.
LaTeX Font Info:    Checking defaults for T1/cmr/m/n on input line 62.
LaTeX Font Info:    ... okay on input line 62.
LaTeX Font Info:    Checking defaults for TS1/cmr/m/n on input line 62.
LaTeX Font Info:    ... okay on input line 62.
LaTeX Font Info:    Checking defaults for OMX/cmssex/m/n on input line 62.
LaTeX Font Info:    Trying to load font information for OMX+cmssex on input lin
e 62.

(c:/msys64/mingw64/share/texmf-dist/tex/latex/sansmathfonts/omxcmssex.fd
File: omxcmssex.fd 2021/06/22
)
LaTeX Font Info:    ... okay on input line 62.
LaTeX Font Info:    Checking defaults for U/xcmss/m/n on input line 62.
LaTeX Font Info:    Trying to load font information for U+xcmss on input line 6
2.

(c:/msys64/mingw64/share/texmf-dist/tex/latex/sansmathfonts/uxcmss.fd
File: uxcmss.fd 2021/06/22
)
LaTeX Font Info:    ... okay on input line 62.
LaTeX Font Info:    Checking defaults for PD1/pdf/m/n on input line 62.
LaTeX Font Info:    ... okay on input line 62.
LaTeX Font Info:    Checking defaults for PU/pdf/m/n on input line 62.
LaTeX Font Info:    ... okay on input line 62.

*geometry* driver: auto-detecting
*geometry* detected driver: pdftex
*geometry* verbose mode - [ preamble ] result:
* driver: pdftex
* paper: custom
* layout: <same size as paper>
* layoutoffset:(h,v)=(0.0pt,0.0pt)
* modes: includehead includefoot 
* h-part:(L,W,R)=(28.45274pt, 398.3386pt, 28.45274pt)
* v-part:(T,H,B)=(0.0pt, 256.0748pt, 0.0pt)
* \paperwidth=455.24408pt
* \paperheight=256.0748pt
* \textwidth=398.3386pt
* \textheight=227.62207pt
* \oddsidemargin=-43.81725pt
* \evensidemargin=-43.81725pt
* \topmargin=-72.26999pt
* \headheight=14.22636pt
* \headsep=0.0pt
* \topskip=10.0pt
* \footskip=14.22636pt
* \marginparwidth=3.0pt
* \marginparsep=11.0pt
* \columnsep=10.0pt
* \skip\footins=9.0pt plus 4.0pt minus 2.0pt
* \hoffset=0.0pt
* \voffset=0.0pt
* \mag=1000
* \@twocolumnfalse
* \@twosidefalse
* \@mparswitchfalse
* \@reversemarginfalse
* (1in=72.27pt=25.4mm, 1cm=28.453pt)

(c:/msys64/mingw64/share/texmf-dist/tex/context/base/mkii/supp-pdf.mkii
[Loading MPS to PDF converter (version 2006.09.02).]
\scratchcounter=\count400
\scratchdimen=\dimen355
\scratchbox=\box170
\nofMPsegments=\count401
\nofMParguments=\count402
\everyMPshowfont=\toks66
\MPscratchCnt=\count403
\MPscratchDim=\dimen356
\MPnumerator=\count404
\makeMPintoPDFobject=\count405
\everyMPtoPDFconversion=\toks67
) (c:/msys64/mingw64/share/texmf-dist/tex/latex/epstopdf-pkg/epstopdf-base.sty
Package: epstopdf-base 2020-01-24 v2.11 Base part for package epstopdf
Package epstopdf-base Info: Redefining graphics rule for `.eps' on input line 4
85.

(c:/msys64/mingw64/share/texmf-dist/tex/latex/latexconfig/epstopdf-sys.cfg
File: epstopdf-sys.cfg 2010/07/13 v1.3 Configuration of (r)epstopdf for TeX Liv
e
))
Package hyperref Info: Link coloring ON on input line 62.

(c:/msys64/mingw64/share/texmf-dist/tex/latex/hyperref/nameref.sty
Package: nameref 2021-04-02 v2.47 Cross-referencing by name of section

(c:/msys64/mingw64/share/texmf-dist/tex/latex/refcount/refcount.sty
Package: refcount 2019/12/15 v3.6 Data extraction from label references (HO)
)
(c:/msys64/mingw64/share/texmf-dist/tex/generic/gettitlestring/gettitlestring.s
ty
Package: gettitlestring 2019/12/15 v1.6 Cleanup title references (HO)
)
\c@section@level=\count406
)
LaTeX Info: Redefining \ref on input line 62.
LaTeX Info: Redefining \pageref on input line 62.
LaTeX Info: Redefining \nameref on input line 62.
 (./Cours_3.out) (./Cours_3.out)
\@outlinefile=\write8
\openout8 = `Cours_3.out'.


(c:/msys64/mingw64/share/texmf-dist/tex/latex/translator/translator-basic-dicti
onary-English.dict
Dictionary: translator-basic-dictionary, Language: English 
)
(c:/msys64/mingw64/share/texmf-dist/tex/latex/translator/translator-bibliograph
y-dictionary-English.dict
Dictionary: translator-bibliography-dictionary, Language: English 
)
(c:/msys64/mingw64/share/texmf-dist/tex/latex/translator/translator-environment
-dictionary-English.dict
Dictionary: translator-environment-dictionary, Language: English 
)
(c:/msys64/mingw64/share/texmf-dist/tex/latex/translator/translator-months-dict
ionary-English.dict
Dictionary: translator-months-dictionary, Language: English 
)
(c:/msys64/mingw64/share/texmf-dist/tex/latex/translator/translator-numbers-dic
tionary-English.dict
Dictionary: translator-numbers-dictionary, Language: English 
)
(c:/msys64/mingw64/share/texmf-dist/tex/latex/translator/translator-theorem-dic
tionary-English.dict
Dictionary: translator-theorem-dictionary, Language: English 
)
LaTeX Font Info:    Redeclaring symbol font `AMSa' on input line 62.
LaTeX Font Info:    Overwriting symbol font `AMSa' in version `normal'
(Font)                  U/msa/m/n --> U/ssmsa/m/n on input line 62.
LaTeX Font Info:    Overwriting symbol font `AMSa' in version `bold'
(Font)                  U/msa/m/n --> U/ssmsa/m/n on input line 62.
LaTeX Font Info:    Redeclaring symbol font `AMSb' on input line 62.
LaTeX Font Info:    Overwriting symbol font `AMSb' in version `normal'
(Font)                  U/msb/m/n --> U/ssmsb/m/n on input line 62.
LaTeX Font Info:    Overwriting symbol font `AMSb' in version `bold'
(Font)                  U/msb/m/n --> U/ssmsb/m/n on input line 62.

(c:/msys64/mingw64/share/texmf-dist/tex/latex/ucs/ucsencs.def
File: ucsencs.def 2011/01/21 Fixes to fontencodings LGR, T3
)
LaTeX Info: Redefining \degres on input line 62.
LaTeX Info: Redefining \up on input line 62.
 (./Cours_3.nav)
<./figbeameronera/Logo_RF+ONERA_PANTONE.pdf, id=46, 642.8509pt x 129.28378pt>
File: ./figbeameronera/Logo_RF+ONERA_PANTONE.pdf Graphic file (type pdf)
<use ./figbeameronera/Logo_RF+ONERA_PANTONE.pdf>
Package pdftex.def Info: ./figbeameronera/Logo_RF+ONERA_PANTONE.pdf  used on in
put line 62.
(pdftex.def)             Requested size: 113.17741pt x 22.76228pt.

Missing character: There is no ; in font nullfont!
LaTeX Font Info:    Font shape `T1/phv/m/it' in size <5> not available
(Font)              Font shape `T1/phv/m/sl' tried instead on input line 62.
LaTeX Font Info:    Font shape `T1/phv/m/it' in size <7> not available
(Font)              Font shape `T1/phv/m/sl' tried instead on input line 62.
<./figbeameronera/Logo_Republique_Francaise_CMJN.pdf, id=48, 544.25208pt x 477.
96156pt>
File: ./figbeameronera/Logo_Republique_Francaise_CMJN.pdf Graphic file (type pd
f)
<use ./figbeameronera/Logo_Republique_Francaise_CMJN.pdf>
Package pdftex.def Info: ./figbeameronera/Logo_Republique_Francaise_CMJN.pdf  u
sed on input line 64.
(pdftex.def)             Requested size: 48.59856pt x 42.67912pt.
<./figbeameronera/logo-onera-ident-pantone660-HD.pdf, id=49, 935.73589pt x 211.
5604pt>
File: ./figbeameronera/logo-onera-ident-pantone660-HD.pdf Graphic file (type pd
f)
<use ./figbeameronera/logo-onera-ident-pantone660-HD.pdf>
Package pdftex.def Info: ./figbeameronera/logo-onera-ident-pantone660-HD.pdf  u
sed on input line 64.
(pdftex.def)             Requested size: 188.77156pt x 42.67912pt.

Package varwidth Warning: Failed to reprocess entire contents on input line 64.



Package varwidth Warning: Failed to reprocess entire contents on input line 64.


LaTeX Font Info:    Trying to load font information for OT1+cmsmf on input line
 64.
(c:/msys64/mingw64/share/texmf-dist/tex/latex/sansmathfonts/ot1cmsmf.fd
File: ot1cmsmf.fd 2021/06/22
)
LaTeX Font Info:    Trying to load font information for U+ssmsa on input line 6
4.

(c:/msys64/mingw64/share/texmf-dist/tex/latex/sansmathfonts/ussmsa.fd
File: ussmsa.fd 2019/04/04
)
LaTeX Font Info:    Trying to load font information for U+ssmsb on input line 6
4.

(c:/msys64/mingw64/share/texmf-dist/tex/latex/sansmathfonts/ussmsb.fd
File: ussmsb.fd 2019/04/04
)
(c:/msys64/mingw64/share/texmf-dist/tex/latex/ucs/data/uni-0.def
File: uni-0.def 2013/05/13 UCS: Unicode data U+0000..U+00FF
)

Package varwidth Warning: Failed to reprocess entire contents on input line 64.



Package varwidth Warning: Failed to reprocess entire contents on input line 64.


[1{c:/msys64/mingw64/var/lib/texmf/fonts/map/pdftex/updmap/pdftex.map}

 <./figbeameronera/Logo_Republique_Francaise_CMJN.pdf> <./figbeameronera/logo-o
nera-ident-pantone660-HD.pdf

pdfTeX warning: pdflatex.exe (file ./figbeameronera/logo-onera-ident-pantone660
-HD.pdf): PDF inclusion: multiple pdfs with page group included in a single pag
e
>] (./Cours_3.toc)
File: ./figbeameronera/Logo_RF+ONERA_PANTONE.pdf Graphic file (type pdf)
<use ./figbeameronera/Logo_RF+ONERA_PANTONE.pdf>
Package pdftex.def Info: ./figbeameronera/Logo_RF+ONERA_PANTONE.pdf  used on in
put line 71.
(pdftex.def)             Requested size: 113.17741pt x 22.76228pt.

Missing character: There is no ; in font nullfont!
[2

 <./figbeameronera/Logo_RF+ONERA_PANTONE.pdf>] (./Cours_3.toc)
File: ./figbeameronera/Logo_RF+ONERA_PANTONE.pdf Graphic file (type pdf)
<use ./figbeameronera/Logo_RF+ONERA_PANTONE.pdf>
Package pdftex.def Info: ./figbeameronera/Logo_RF+ONERA_PANTONE.pdf  used on in
put line 73.
(pdftex.def)             Requested size: 113.17741pt x 22.76228pt.

Missing character: There is no ; in font nullfont!
[3

]
\openout4 = `Cours_3.vrb'.

 (./Cours_3.vrb
\openout6 = `Cours_3.pyg'.

 (./_minted-Cours_3/xcode.pygstyle)
(./_minted-Cours_3/58C8AB8A02F15AD4DA9F97EA2F8E6680C7184AB130D6C326AF908DB537BC
6ACD.pygtex))
File: ./figbeameronera/Logo_RF+ONERA_PANTONE.pdf Graphic file (type pdf)
<use ./figbeameronera/Logo_RF+ONERA_PANTONE.pdf>
Package pdftex.def Info: ./figbeameronera/Logo_RF+ONERA_PANTONE.pdf  used on in
put line 92.
(pdftex.def)             Requested size: 113.17741pt x 22.76228pt.

Missing character: There is no ; in font nullfont!
[4

]
\openout4 = `Cours_3.vrb'.

 (./Cours_3.vrb)
File: ./figbeameronera/Logo_RF+ONERA_PANTONE.pdf Graphic file (type pdf)
<use ./figbeameronera/Logo_RF+ONERA_PANTONE.pdf>
Package pdftex.def Info: ./figbeameronera/Logo_RF+ONERA_PANTONE.pdf  used on in
put line 174.
(pdftex.def)             Requested size: 113.17741pt x 22.76228pt.

Missing character: There is no ; in font nullfont!
[5

]
\openout4 = `Cours_3.vrb'.

 (./Cours_3.vrb
\openout6 = `Cours_3.pyg'.


(./_minted-Cours_3/60C24D2AF5256F081C519E2ADCE2C0EBC7184AB130D6C326AF908DB537BC
6ACD.pygtex))
File: ./figbeameronera/Logo_RF+ONERA_PANTONE.pdf Graphic file (type pdf)
<use ./figbeameronera/Logo_RF+ONERA_PANTONE.pdf>
Package pdftex.def Info: ./figbeameronera/Logo_RF+ONERA_PANTONE.pdf  used on in
put line 207.
(pdftex.def)             Requested size: 113.17741pt x 22.76228pt.

Missing character: There is no ; in font nullfont!
[6

]
\openout4 = `Cours_3.vrb'.

 (./Cours_3.vrb
\openout6 = `Cours_3.pyg'.


(./_minted-Cours_3/4C5EDBA5E6775F9A54865CACF35D5511C7184AB130D6C326AF908DB537BC
6ACD.pygtex))
File: ./figbeameronera/Logo_RF+ONERA_PANTONE.pdf Graphic file (type pdf)
<use ./figbeameronera/Logo_RF+ONERA_PANTONE.pdf>
Package pdftex.def Info: ./figbeameronera/Logo_RF+ONERA_PANTONE.pdf  used on in
put line 236.
(pdftex.def)             Requested size: 113.17741pt x 22.76228pt.

Missing character: There is no ; in font nullfont!
[7

]
\openout4 = `Cours_3.vrb'.

 (./Cours_3.vrb)
File: ./figbeameronera/Logo_RF+ONERA_PANTONE.pdf Graphic file (type pdf)
<use ./figbeameronera/Logo_RF+ONERA_PANTONE.pdf>
Package pdftex.def Info: ./figbeameronera/Logo_RF+ONERA_PANTONE.pdf  used on in
put line 282.
(pdftex.def)             Requested size: 113.17741pt x 22.76228pt.

Missing character: There is no ; in font nullfont!
[8

]
\openout4 = `Cours_3.vrb'.

 (./Cours_3.vrb)
File: ./figbeameronera/Logo_RF+ONERA_PANTONE.pdf Graphic file (type pdf)
<use ./figbeameronera/Logo_RF+ONERA_PANTONE.pdf>
Package pdftex.def Info: ./figbeameronera/Logo_RF+ONERA_PANTONE.pdf  used on in
put line 309.
(pdftex.def)             Requested size: 113.17741pt x 22.76228pt.

Missing character: There is no ; in font nullfont!
[9

]
\openout4 = `Cours_3.vrb'.

 (./Cours_3.vrb)
File: ./figbeameronera/Logo_RF+ONERA_PANTONE.pdf Graphic file (type pdf)
<use ./figbeameronera/Logo_RF+ONERA_PANTONE.pdf>
Package pdftex.def Info: ./figbeameronera/Logo_RF+ONERA_PANTONE.pdf  used on in
put line 337.
(pdftex.def)             Requested size: 113.17741pt x 22.76228pt.

Missing character: There is no ; in font nullfont!
[10

]
\openout4 = `Cours_3.vrb'.

 (./Cours_3.vrb)
Overfull \vbox (2.56212pt too high) detected at line 390
 []

File: ./figbeameronera/Logo_RF+ONERA_PANTONE.pdf Graphic file (type pdf)
<use ./figbeameronera/Logo_RF+ONERA_PANTONE.pdf>
Package pdftex.def Info: ./figbeameronera/Logo_RF+ONERA_PANTONE.pdf  used on in
put line 390.
(pdftex.def)             Requested size: 113.17741pt x 22.76228pt.
Missing character: There is no ; in font nullfont!
[11

] (./Cours_3.toc)
File: ./figbeameronera/Logo_RF+ONERA_PANTONE.pdf Graphic file (type pdf)
<use ./figbeameronera/Logo_RF+ONERA_PANTONE.pdf>
Package pdftex.def Info: ./figbeameronera/Logo_RF+ONERA_PANTONE.pdf  used on in
put line 392.
(pdftex.def)             Requested size: 113.17741pt x 22.76228pt.

Missing character: There is no ; in font nullfont!
[12

]
\openout4 = `Cours_3.vrb'.

 (./Cours_3.vrb
<../Images/bulles.jpg, id=161, 313.17pt x 207.8967pt>
File: ../Images/bulles.jpg Graphic file (type jpg)
<use ../Images/bulles.jpg>
Package pdftex.def Info: ../Images/bulles.jpg  used on input line 15.
(pdftex.def)             Requested size: 97.08464pt x 64.4473pt.
\openout6 = `Cours_3.pyg'.


(./_minted-Cours_3/1E941E9508D936353265543ACCD0B7BDC7184AB130D6C326AF908DB537BC
6ACD.pygtex))
File: ./figbeameronera/Logo_RF+ONERA_PANTONE.pdf Graphic file (type pdf)
<use ./figbeameronera/Logo_RF+ONERA_PANTONE.pdf>
Package pdftex.def Info: ./figbeameronera/Logo_RF+ONERA_PANTONE.pdf  used on in
put line 422.
(pdftex.def)             Requested size: 113.17741pt x 22.76228pt.

Missing character: There is no ; in font nullfont!
[13

 <../Images/bulles.jpg>]
\openout4 = `Cours_3.vrb'.

 (./Cours_3.vrb
\openout6 = `Cours_3.pyg'.


(./_minted-Cours_3/7D52411AFD137E9F1D1BC979AA2E222CC7184AB130D6C326AF908DB537BC
6ACD.pygtex)
\openout6 = `Cours_3.pyg'.


(./_minted-Cours_3/3E9B3E01D874CCF1D9DCCCE30C0057F1C7184AB130D6C326AF908DB537BC
6ACD.pygtex)
\openout6 = `Cours_3.pyg'.


(./_minted-Cours_3/0B1286BE284542C0B610B70FA68FEFF2C7184AB130D6C326AF908DB537BC
6ACD.pygtex)
\openout6 = `Cours_3.pyg'.


(./_minted-Cours_3/19A5D10F6A018E32585DDD0F61D51DBDC7184AB130D6C326AF908DB537BC
6ACD.pygtex))
File: ./figbeameronera/Logo_RF+ONERA_PANTONE.pdf Graphic file (type pdf)
<use ./figbeameronera/Logo_RF+ONERA_PANTONE.pdf>
Package pdftex.def Info: ./figbeameronera/Logo_RF+ONERA_PANTONE.pdf  used on in
put line 480.
(pdftex.def)             Requested size: 113.17741pt x 22.76228pt.

Missing character: There is no ; in font nullfont!
[14

]
\openout4 = `Cours_3.vrb'.

 (./Cours_3.vrb
Overfull \hbox (3.36832pt too wide) in paragraph at lines 7--7
[]|$\OML/cmssm/m/it/9 P[]$| 
 []


Overfull \hbox (3.36832pt too wide) in paragraph at lines 7--7
[]|$\OML/cmssm/m/it/9 P[]$| 
 []


Overfull \hbox (3.36832pt too wide) in paragraph at lines 7--7
[]|$\OML/cmssm/m/it/9 P[]$| 
 []


Overfull \hbox (3.36832pt too wide) in paragraph at lines 7--7
[]|$\OML/cmssm/m/it/9 P[]$| 
 []


Overfull \hbox (3.36832pt too wide) in paragraph at lines 7--7
[]|$\OML/cmssm/m/it/9 P[]$| 
 []


Overfull \hbox (3.36832pt too wide) in paragraph at lines 8--8
[]|$\OML/cmssm/m/it/9 P[]$| 
 []


Overfull \hbox (3.36832pt too wide) in paragraph at lines 8--8
[]|$\OML/cmssm/m/it/9 P[]$| 
 []


Overfull \hbox (3.36832pt too wide) in paragraph at lines 8--8
[]|$\OML/cmssm/m/it/9 P[]$| 
 []


Overfull \hbox (3.5594pt too wide) in paragraph at lines 9--9
[]|[]$\OMS/cmsssy/m/n/9 $$[]| 
 []


Overfull \hbox (3.5594pt too wide) in paragraph at lines 9--9
[]|[]$\OMS/cmsssy/m/n/9 $$[]| 
 []


Overfull \hbox (3.5594pt too wide) in paragraph at lines 10--10
[]|[]$\OMS/cmsssy/m/n/9 $$[]| 
 []


Overfull \hbox (3.5594pt too wide) in paragraph at lines 10--10
[]|[]$\OMS/cmsssy/m/n/9 $$[]| 
 []


Overfull \hbox (3.5594pt too wide) in paragraph at lines 11--11
[]|[]$\OMS/cmsssy/m/n/9 $$[]| 
 []


Overfull \hbox (3.5594pt too wide) in paragraph at lines 12--12
[]|[]$\OMS/cmsssy/m/n/9 $$[]| 
 []


Overfull \hbox (3.5594pt too wide) in paragraph at lines 13--13
[]|[]$\OMS/cmsssy/m/n/9 $$[]| 
 []


Overfull \hbox (3.5594pt too wide) in paragraph at lines 14--14
[]|[]$\OMS/cmsssy/m/n/9 $$[]| 
 []


Overfull \hbox (3.5594pt too wide) in paragraph at lines 15--15
[]|[]$\OMS/cmsssy/m/n/9 $$[]| 
 []


Overfull \hbox (3.5594pt too wide) in paragraph at lines 16--16
[]|[]$\OMS/cmsssy/m/n/9 $$[]| 
 []


Overfull \hbox (3.5594pt too wide) in paragraph at lines 17--17
[]|[]$\OMS/cmsssy/m/n/9 $$[]| 
 []


Overfull \hbox (3.5594pt too wide) in paragraph at lines 19--19
[]|[]$\OMS/cmsssy/m/n/9 $$[]| 
 []


Overfull \hbox (3.5594pt too wide) in paragraph at lines 20--20
[]|[]$\OMS/cmsssy/m/n/9 $$[]| 
 []


Overfull \hbox (3.5594pt too wide) in paragraph at lines 21--21
[]|[]$\OMS/cmsssy/m/n/9 $$[]| 
 []


Overfull \hbox (3.5594pt too wide) in paragraph at lines 23--23
[]|[]$\OMS/cmsssy/m/n/9 $$[]| 
 []


Overfull \hbox (3.5594pt too wide) in paragraph at lines 24--24
[]|[]$\OMS/cmsssy/m/n/9 $$[]| 
 []


Overfull \hbox (3.5594pt too wide) in paragraph at lines 25--25
[]|[]$\OMS/cmsssy/m/n/9 $$[]| 
 []


Overfull \hbox (3.5594pt too wide) in paragraph at lines 26--26
[]|[]$\OMS/cmsssy/m/n/9 $$[]| 
 []


Overfull \hbox (3.5594pt too wide) in paragraph at lines 28--28
[]|[]$\OMS/cmsssy/m/n/9 $$[]| 
 []


Overfull \hbox (3.5594pt too wide) in paragraph at lines 29--29
[]|[]$\OMS/cmsssy/m/n/9 $$[]| 
 []


Overfull \hbox (3.5594pt too wide) in paragraph at lines 30--30
[]|[]$\OMS/cmsssy/m/n/9 $$[]| 
 []


Overfull \hbox (3.5594pt too wide) in paragraph at lines 32--32
[]|[]$\OMS/cmsssy/m/n/9 $$[]| 
 []


Overfull \hbox (3.5594pt too wide) in paragraph at lines 33--33
[]|[]$\OMS/cmsssy/m/n/9 $$[]| 
 []


Overfull \hbox (3.5594pt too wide) in paragraph at lines 34--34
[]|[]$\OMS/cmsssy/m/n/9 $$[]| 
 []


Overfull \hbox (3.5594pt too wide) in paragraph at lines 35--35
[]|[]$\OMS/cmsssy/m/n/9 $$[]| 
 []


Overfull \hbox (3.5594pt too wide) in paragraph at lines 37--37
[]|[]$\OMS/cmsssy/m/n/9 $$[]| 
 []


Overfull \hbox (3.5594pt too wide) in paragraph at lines 38--38
[]|[]$\OMS/cmsssy/m/n/9 $$[]| 
 []


Overfull \hbox (3.5594pt too wide) in paragraph at lines 39--39
[]|[]$\OMS/cmsssy/m/n/9 $$[]| 
 []

)
File: ./figbeameronera/Logo_RF+ONERA_PANTONE.pdf Graphic file (type pdf)
<use ./figbeameronera/Logo_RF+ONERA_PANTONE.pdf>
Package pdftex.def Info: ./figbeameronera/Logo_RF+ONERA_PANTONE.pdf  used on in
put line 524.
(pdftex.def)             Requested size: 113.17741pt x 22.76228pt.

Missing character: There is no ; in font nullfont!
[15

]
\openout4 = `Cours_3.vrb'.

 (./Cours_3.vrb
\openout6 = `Cours_3.pyg'.


(./_minted-Cours_3/127F326C794B9C99961E66DD094D929CC7184AB130D6C326AF908DB537BC
6ACD.pygtex))
File: ./figbeameronera/Logo_RF+ONERA_PANTONE.pdf Graphic file (type pdf)
<use ./figbeameronera/Logo_RF+ONERA_PANTONE.pdf>
Package pdftex.def Info: ./figbeameronera/Logo_RF+ONERA_PANTONE.pdf  used on in
put line 571.
(pdftex.def)             Requested size: 113.17741pt x 22.76228pt.

Missing character: There is no ; in font nullfont!
[16

]
\openout4 = `Cours_3.vrb'.

 (./Cours_3.vrb)
File: ./figbeameronera/Logo_RF+ONERA_PANTONE.pdf Graphic file (type pdf)
<use ./figbeameronera/Logo_RF+ONERA_PANTONE.pdf>
Package pdftex.def Info: ./figbeameronera/Logo_RF+ONERA_PANTONE.pdf  used on in
put line 648.
(pdftex.def)             Requested size: 113.17741pt x 22.76228pt.

Missing character: There is no ; in font nullfont!
[17

] (./Cours_3.vrb)
File: ./figbeameronera/Logo_RF+ONERA_PANTONE.pdf Graphic file (type pdf)
<use ./figbeameronera/Logo_RF+ONERA_PANTONE.pdf>
Package pdftex.def Info: ./figbeameronera/Logo_RF+ONERA_PANTONE.pdf  used on in
put line 648.
(pdftex.def)             Requested size: 113.17741pt x 22.76228pt.

Missing character: There is no ; in font nullfont!
[18

] (./Cours_3.vrb)
File: ./figbeameronera/Logo_RF+ONERA_PANTONE.pdf Graphic file (type pdf)
<use ./figbeameronera/Logo_RF+ONERA_PANTONE.pdf>
Package pdftex.def Info: ./figbeameronera/Logo_RF+ONERA_PANTONE.pdf  used on in
put line 648.
(pdftex.def)             Requested size: 113.17741pt x 22.76228pt.

Missing character: There is no ; in font nullfont!
[19

] (./Cours_3.vrb)
File: ./figbeameronera/Logo_RF+ONERA_PANTONE.pdf Graphic file (type pdf)
<use ./figbeameronera/Logo_RF+ONERA_PANTONE.pdf>
Package pdftex.def Info: ./figbeameronera/Logo_RF+ONERA_PANTONE.pdf  used on in
put line 648.
(pdftex.def)             Requested size: 113.17741pt x 22.76228pt.

Missing character: There is no ; in font nullfont!
[20

] (./Cours_3.vrb)
File: ./figbeameronera/Logo_RF+ONERA_PANTONE.pdf Graphic file (type pdf)
<use ./figbeameronera/Logo_RF+ONERA_PANTONE.pdf>
Package pdftex.def Info: ./figbeameronera/Logo_RF+ONERA_PANTONE.pdf  used on in
put line 648.
(pdftex.def)             Requested size: 113.17741pt x 22.76228pt.

Missing character: There is no ; in font nullfont!
[21

] (./Cours_3.vrb)
File: ./figbeameronera/Logo_RF+ONERA_PANTONE.pdf Graphic file (type pdf)
<use ./figbeameronera/Logo_RF+ONERA_PANTONE.pdf>
Package pdftex.def Info: ./figbeameronera/Logo_RF+ONERA_PANTONE.pdf  used on in
put line 648.
(pdftex.def)             Requested size: 113.17741pt x 22.76228pt.

Missing character: There is no ; in font nullfont!
[22

]
\openout4 = `Cours_3.vrb'.

 (./Cours_3.vrb
Overfull \hbox (5.0pt too wide) in paragraph at lines 15--38
[]$[]$  
 []


Overfull \hbox (5.0pt too wide) in paragraph at lines 39--46
[]$[]$  
 []

)
File: ./figbeameronera/Logo_RF+ONERA_PANTONE.pdf Graphic file (type pdf)
<use ./figbeameronera/Logo_RF+ONERA_PANTONE.pdf>
Package pdftex.def Info: ./figbeameronera/Logo_RF+ONERA_PANTONE.pdf  used on in
put line 697.
(pdftex.def)             Requested size: 113.17741pt x 22.76228pt.

Missing character: There is no ; in font nullfont!
[23

]
\tf@nav=\write9
\openout9 = `Cours_3.nav'.

\tf@toc=\write10
\openout10 = `Cours_3.toc'.

\tf@snm=\write11
\openout11 = `Cours_3.snm'.

 (./Cours_3.aux)

Package rerunfilecheck Warning: File `Cours_3.out' has changed.
(rerunfilecheck)                Rerun to get outlines right
(rerunfilecheck)                or use package `bookmark'.

Package rerunfilecheck Info: Checksums for `Cours_3.out':
(rerunfilecheck)             Before: ADD2375020CA5A62ADB67A0E42A71A4B;167170026
1
(rerunfilecheck)             After:  ADD2375020CA5A62ADB67A0E42A71A4B;167170027
1.
runsystem(del Cours_3.pyg)...executed.

 ) 
Here is how much of TeX's memory you used:
 38854 strings out of 478305
 831769 string characters out of 5845252
 1208362 words of memory out of 5000000
 56088 multiletter control sequences out of 15000+600000
 519660 words of font info for 97 fonts, out of 8000000 for 9000
 1141 hyphenation exceptions out of 8191
 128i,19n,122p,444b,1352s stack positions out of 5000i,500n,10000p,200000b,80000s
{c:/msys64/mingw64/share/texmf-dist/fonts/enc/dvips/cm-super/cm-super-t1.enc}
{c:/msys64/mingw64/share/texmf-dist/fonts/enc/dvips/base/8r.enc}<c:/msys64/ming
w64/share/texmf-dist/fonts/type1/public/amsfonts/cm/cmss8.pfb><c:/msys64/mingw6
4/share/texmf-dist/fonts/type1/public/sansmathfonts/cmssex7.pfb><c:/msys64/ming
w64/share/texmf-dist/fonts/type1/public/sansmathfonts/cmssmi10.pfb><c:/msys64/m
ingw64/share/texmf-dist/fonts/type1/public/sansmathfonts/cmssmi5.pfb><c:/msys64
/mingw64/share/texmf-dist/fonts/type1/public/sansmathfonts/cmssmi7.pfb><c:/msys
64/mingw64/share/texmf-dist/fonts/type1/public/sansmathfonts/cmssmi9.pfb><c:/ms
ys64/mingw64/share/texmf-dist/fonts/type1/public/sansmathfonts/cmsssy5.pfb><c:/
msys64/mingw64/share/texmf-dist/fonts/type1/public/sansmathfonts/cmsssy7.pfb><c
:/msys64/mingw64/share/texmf-dist/fonts/type1/public/sansmathfonts/cmsssy9.pfb>
<c:/msys64/mingw64/share/texmf-dist/fonts/type1/public/cm-super/sftt0800.pfb><c
:/msys64/mingw64/share/texmf-dist/fonts/type1/public/cm-super/sftt0900.pfb><c:/
msys64/mingw64/share/texmf-dist/fonts/type1/urw/helvetic/uhvb8a.pfb><c:/msys64/
mingw64/share/texmf-dist/fonts/type1/urw/helvetic/uhvr8a.pfb><c:/msys64/mingw64
/share/texmf-dist/fonts/type1/urw/helvetic/uhvro8a.pfb>
Output written on Cours_3.pdf (23 pages, 447435 bytes).
PDF statistics:
 300 PDF objects out of 1000 (max. 8388607)
 207 compressed objects within 3 object streams
 49 named destinations out of 1000 (max. 500000)
 187 words of extra memory for PDF output out of 10000 (max. 10000000)

